[debug] [2024-08-18T02:43:37.457Z] ----------------------------------------------------------------------
[debug] [2024-08-18T02:43:37.461Z] Command:       /Users/HBN378/.nvm/versions/node/v20.15.0/bin/node /Users/HBN378/.nvm/versions/node/v20.15.0/bin/firebase apphosting:backends:create --project try-nested --location us-central1
[debug] [2024-08-18T02:43:37.462Z] CLI Version:   13.14.2
[debug] [2024-08-18T02:43:37.462Z] Platform:      darwin
[debug] [2024-08-18T02:43:37.462Z] Node Version:  v20.15.0
[debug] [2024-08-18T02:43:37.462Z] Time:          Sat Aug 17 2024 21:43:37 GMT-0500 (Central Daylight Time)
[debug] [2024-08-18T02:43:37.462Z] ----------------------------------------------------------------------
[debug] 
[debug] [2024-08-18T02:43:37.510Z] >>> [apiv2][query] GET https://serviceusage.googleapis.com/v1/projects/try-nested/services/firebaseapphosting.googleapis.com [none]
[debug] [2024-08-18T02:43:37.510Z] >>> [apiv2][(partial)header] GET https://serviceusage.googleapis.com/v1/projects/try-nested/services/firebaseapphosting.googleapis.com x-goog-quota-user=projects/try-nested
[debug] [2024-08-18T02:43:37.812Z] <<< [apiv2][status] GET https://serviceusage.googleapis.com/v1/projects/try-nested/services/firebaseapphosting.googleapis.com 200
[debug] [2024-08-18T02:43:37.812Z] <<< [apiv2][body] GET https://serviceusage.googleapis.com/v1/projects/try-nested/services/firebaseapphosting.googleapis.com [omitted]
[debug] [2024-08-18T02:43:37.813Z] >>> [apiv2][query] GET https://mobilesdk-pa.googleapis.com/v1/accessmanagement/tos:getStatus [none]
[debug] [2024-08-18T02:43:37.969Z] <<< [apiv2][status] GET https://mobilesdk-pa.googleapis.com/v1/accessmanagement/tos:getStatus 200
[debug] [2024-08-18T02:43:37.970Z] <<< [apiv2][body] GET https://mobilesdk-pa.googleapis.com/v1/accessmanagement/tos:getStatus {"overallStatus":"ACCEPTED","uTosStatus":{"tos":{"id":"firebase","tosId":"FIREBASE_UNIVERSAL"},"status":"ACCEPTED"},"childTosStatus":[{"tos":{"id":"cloud","tosId":"CLOUD_PLATFORM"},"status":"ACCEPTED"},{"tos":{"id":"firebase_b2b","tosId":"FIREBASE_B2B"},"status":"ACCEPTED"},{"tos":{"id":"universal","tosId":"GOOGLE_APIS"},"status":"ACCEPTED"}],"termsUrl":"https://firebase.google.com/terms","perServiceStatus":[{"tosId":"APP_CHECK","serviceStatus":{"tos":{"id":"app_check","tosId":"APP_CHECK"},"status":"ACCEPTED"}},{"tosId":"APP_HOSTING_TOS","serviceStatus":{"tos":{"id":"app_hosting","tosId":"APP_HOSTING_TOS"},"status":"ACCEPTED"}},{"tosId":"APP_HOSTING_TOS","serviceStatus":{"tos":{"id":"app_hosting","tosId":"APP_HOSTING_TOS"},"status":"ACCEPTED"}},{"tosId":"CORE_APPS","serviceStatus":{"tos":{"id":"core_apps","tosId":"CORE_APPS"},"status":"ACCEPTED"}},{"tosId":"FIREBASE_CRASHLYTICS_APP_DISTRIBUTION","serviceStatus":{"tos":{"id":"firebase_crashlytics_app_distribution","tosId":"FIREBASE_CRASHLYTICS_APP_DISTRIBUTION"},"status":"ACCEPTED"}},{"tosId":"GENERATIVE_LANGUAGE","serviceStatus":{"tos":{"id":"generative-language-api","tosId":"GENERATIVE_LANGUAGE"},"status":"ACCEPTED"}},{"tosId":"FIREBASE_DATA_CONNECT","serviceStatus":{"tos":{"id":"data_connect","tosId":"FIREBASE_DATA_CONNECT"},"status":"ACCEPTED"}}]}
[debug] [2024-08-18T02:43:37.971Z] >>> [apiv2][query] GET https://serviceusage.googleapis.com/v1/projects/try-nested/services/developerconnect.googleapis.com [none]
[debug] [2024-08-18T02:43:37.971Z] >>> [apiv2][(partial)header] GET https://serviceusage.googleapis.com/v1/projects/try-nested/services/developerconnect.googleapis.com x-goog-quota-user=projects/try-nested
[debug] [2024-08-18T02:43:37.972Z] >>> [apiv2][query] GET https://serviceusage.googleapis.com/v1/projects/try-nested/services/cloudbuild.googleapis.com [none]
[debug] [2024-08-18T02:43:37.972Z] >>> [apiv2][(partial)header] GET https://serviceusage.googleapis.com/v1/projects/try-nested/services/cloudbuild.googleapis.com x-goog-quota-user=projects/try-nested
[debug] [2024-08-18T02:43:37.973Z] >>> [apiv2][query] GET https://serviceusage.googleapis.com/v1/projects/try-nested/services/secretmanager.googleapis.com [none]
[debug] [2024-08-18T02:43:37.974Z] >>> [apiv2][(partial)header] GET https://serviceusage.googleapis.com/v1/projects/try-nested/services/secretmanager.googleapis.com x-goog-quota-user=projects/try-nested
[debug] [2024-08-18T02:43:37.975Z] >>> [apiv2][query] GET https://serviceusage.googleapis.com/v1/projects/try-nested/services/run.googleapis.com [none]
[debug] [2024-08-18T02:43:37.975Z] >>> [apiv2][(partial)header] GET https://serviceusage.googleapis.com/v1/projects/try-nested/services/run.googleapis.com x-goog-quota-user=projects/try-nested
[debug] [2024-08-18T02:43:37.976Z] >>> [apiv2][query] GET https://serviceusage.googleapis.com/v1/projects/try-nested/services/artifactregistry.googleapis.com [none]
[debug] [2024-08-18T02:43:37.976Z] >>> [apiv2][(partial)header] GET https://serviceusage.googleapis.com/v1/projects/try-nested/services/artifactregistry.googleapis.com x-goog-quota-user=projects/try-nested
[debug] [2024-08-18T02:43:37.977Z] >>> [apiv2][query] GET https://serviceusage.googleapis.com/v1/projects/try-nested/services/iam.googleapis.com [none]
[debug] [2024-08-18T02:43:37.977Z] >>> [apiv2][(partial)header] GET https://serviceusage.googleapis.com/v1/projects/try-nested/services/iam.googleapis.com x-goog-quota-user=projects/try-nested
[debug] [2024-08-18T02:43:38.221Z] <<< [apiv2][status] GET https://serviceusage.googleapis.com/v1/projects/try-nested/services/secretmanager.googleapis.com 200
[debug] [2024-08-18T02:43:38.221Z] <<< [apiv2][body] GET https://serviceusage.googleapis.com/v1/projects/try-nested/services/secretmanager.googleapis.com [omitted]
[debug] [2024-08-18T02:43:38.222Z] <<< [apiv2][status] GET https://serviceusage.googleapis.com/v1/projects/try-nested/services/run.googleapis.com 200
[debug] [2024-08-18T02:43:38.222Z] <<< [apiv2][body] GET https://serviceusage.googleapis.com/v1/projects/try-nested/services/run.googleapis.com [omitted]
[debug] [2024-08-18T02:43:38.222Z] <<< [apiv2][status] GET https://serviceusage.googleapis.com/v1/projects/try-nested/services/developerconnect.googleapis.com 200
[debug] [2024-08-18T02:43:38.222Z] <<< [apiv2][body] GET https://serviceusage.googleapis.com/v1/projects/try-nested/services/developerconnect.googleapis.com [omitted]
[debug] [2024-08-18T02:43:38.237Z] <<< [apiv2][status] GET https://serviceusage.googleapis.com/v1/projects/try-nested/services/cloudbuild.googleapis.com 200
[debug] [2024-08-18T02:43:38.237Z] <<< [apiv2][body] GET https://serviceusage.googleapis.com/v1/projects/try-nested/services/cloudbuild.googleapis.com [omitted]
[debug] [2024-08-18T02:43:38.240Z] <<< [apiv2][status] GET https://serviceusage.googleapis.com/v1/projects/try-nested/services/iam.googleapis.com 200
[debug] [2024-08-18T02:43:38.240Z] <<< [apiv2][body] GET https://serviceusage.googleapis.com/v1/projects/try-nested/services/iam.googleapis.com [omitted]
[debug] [2024-08-18T02:43:38.270Z] <<< [apiv2][status] GET https://serviceusage.googleapis.com/v1/projects/try-nested/services/artifactregistry.googleapis.com 200
[debug] [2024-08-18T02:43:38.270Z] <<< [apiv2][body] GET https://serviceusage.googleapis.com/v1/projects/try-nested/services/artifactregistry.googleapis.com [omitted]
[debug] [2024-08-18T02:43:38.270Z] >>> [apiv2][query] POST https://iam.googleapis.com/v1/projects/try-nested/serviceAccounts/firebase-app-hosting-compute@try-nested.iam.gserviceaccount.com:testIamPermissions [none]
[debug] [2024-08-18T02:43:38.270Z] >>> [apiv2][(partial)header] POST https://iam.googleapis.com/v1/projects/try-nested/serviceAccounts/firebase-app-hosting-compute@try-nested.iam.gserviceaccount.com:testIamPermissions x-goog-quota-user=projects/try-nested
[debug] [2024-08-18T02:43:38.270Z] >>> [apiv2][body] POST https://iam.googleapis.com/v1/projects/try-nested/serviceAccounts/firebase-app-hosting-compute@try-nested.iam.gserviceaccount.com:testIamPermissions {"permissions":["iam.serviceAccounts.actAs"]}
[debug] [2024-08-18T02:43:38.451Z] <<< [apiv2][status] POST https://iam.googleapis.com/v1/projects/try-nested/serviceAccounts/firebase-app-hosting-compute@try-nested.iam.gserviceaccount.com:testIamPermissions 200
[debug] [2024-08-18T02:43:38.451Z] <<< [apiv2][body] POST https://iam.googleapis.com/v1/projects/try-nested/serviceAccounts/firebase-app-hosting-compute@try-nested.iam.gserviceaccount.com:testIamPermissions {"permissions":["iam.serviceAccounts.actAs"]}
[debug] [2024-08-18T02:43:38.452Z] >>> [apiv2][query] GET https://firebaseapphosting.googleapis.com/v1alpha/projects/try-nested/locations 
[debug] [2024-08-18T02:43:38.715Z] <<< [apiv2][status] GET https://firebaseapphosting.googleapis.com/v1alpha/projects/try-nested/locations 200
[debug] [2024-08-18T02:43:38.716Z] <<< [apiv2][body] GET https://firebaseapphosting.googleapis.com/v1alpha/projects/try-nested/locations {"locations":[{"name":"projects/try-nested/locations/us-central1","locationId":"us-central1"}]}
[info] i  === Import a GitHub repository 
[debug] [2024-08-18T02:43:38.719Z] >>> [apiv2][query] GET https://developerconnect.googleapis.com/v1/projects/try-nested/locations/us-central1/connections/firebase-app-hosting-github-oauth [none]
[debug] [2024-08-18T02:43:38.958Z] <<< [apiv2][status] GET https://developerconnect.googleapis.com/v1/projects/try-nested/locations/us-central1/connections/firebase-app-hosting-github-oauth 200
[debug] [2024-08-18T02:43:38.958Z] <<< [apiv2][body] GET https://developerconnect.googleapis.com/v1/projects/try-nested/locations/us-central1/connections/firebase-app-hosting-github-oauth {"name":"projects/try-nested/locations/us-central1/connections/firebase-app-hosting-github-oauth","createTime":"2024-08-18T02:19:36.310680499Z","updateTime":"2024-08-18T02:20:03.224379305Z","githubConfig":{"githubApp":"FIREBASE","authorizerCredential":{"oauthTokenSecretVersion":"projects/try-nested/secrets/firebase-app-hosting-github-oauth-github-oauthtoken-cbd855/versions/latest","username":"eeshamoona"},"appInstallationId":"53010483","installationUri":"https://github.com/settings/installations/53010483"},"installationState":{"stage":"COMPLETE"}}
[info] ✔  Connected with GitHub successfully
 
[debug] [2024-08-18T02:43:38.959Z] >>> [apiv2][query] GET https://developerconnect.googleapis.com/v1/projects/try-nested/locations/us-central1/connections/firebase-app-hosting-github-oauth:fetchGitHubInstallations [none]
[debug] [2024-08-18T02:43:39.276Z] <<< [apiv2][status] GET https://developerconnect.googleapis.com/v1/projects/try-nested/locations/us-central1/connections/firebase-app-hosting-github-oauth:fetchGitHubInstallations 200
[debug] [2024-08-18T02:43:39.276Z] <<< [apiv2][body] GET https://developerconnect.googleapis.com/v1/projects/try-nested/locations/us-central1/connections/firebase-app-hosting-github-oauth:fetchGitHubInstallations {"installations":[{"id":"53010483","name":"eeshamoona","type":"user"}]}
[debug] [2024-08-18T02:43:41.644Z] >>> [apiv2][query] GET https://developerconnect.googleapis.com/v1/projects/try-nested/locations/us-central1/connections pageSize=1000&pageToken=
[debug] [2024-08-18T02:43:41.717Z] <<< [apiv2][status] GET https://developerconnect.googleapis.com/v1/projects/try-nested/locations/us-central1/connections 200
[debug] [2024-08-18T02:43:41.717Z] <<< [apiv2][body] GET https://developerconnect.googleapis.com/v1/projects/try-nested/locations/us-central1/connections {"connections":[{"name":"projects/try-nested/locations/us-central1/connections/firebase-app-hosting-github-oauth","createTime":"2024-08-18T02:19:36.310680499Z","updateTime":"2024-08-18T02:20:03.224379305Z","githubConfig":{"githubApp":"FIREBASE","authorizerCredential":{"oauthTokenSecretVersion":"projects/try-nested/secrets/firebase-app-hosting-github-oauth-github-oauthtoken-cbd855/versions/latest","username":"eeshamoona"},"appInstallationId":"53010483","installationUri":"https://github.com/settings/installations/53010483"},"installationState":{"stage":"COMPLETE"}},{"name":"projects/try-nested/locations/us-central1/connections/apphosting-github-conn-7k7d87v","createTime":"2024-08-18T02:21:08.698663838Z","updateTime":"2024-08-18T02:21:09.364617326Z","githubConfig":{"githubApp":"FIREBASE","authorizerCredential":{"oauthTokenSecretVersion":"projects/try-nested/secrets/firebase-app-hosting-github-oauth-github-oauthtoken-cbd855/versions/latest","username":"eeshamoona"},"appInstallationId":"53010483","installationUri":"https://github.com/settings/installations/53010483"},"installationState":{"stage":"COMPLETE"}}]}
[debug] [2024-08-18T02:43:41.719Z] >>> [apiv2][query] GET https://developerconnect.googleapis.com/v1/projects/try-nested/locations/us-central1/connections/apphosting-github-conn-7k7d87v:fetchLinkableGitRepositories pageSize=1000&pageToken=
[debug] [2024-08-18T02:43:42.025Z] <<< [apiv2][status] GET https://developerconnect.googleapis.com/v1/projects/try-nested/locations/us-central1/connections/apphosting-github-conn-7k7d87v:fetchLinkableGitRepositories 200
[debug] [2024-08-18T02:43:42.025Z] <<< [apiv2][body] GET https://developerconnect.googleapis.com/v1/projects/try-nested/locations/us-central1/connections/apphosting-github-conn-7k7d87v:fetchLinkableGitRepositories {"linkableGitRepositories":[{"cloneUri":"https://github.com/eeshamoona/Nest-Builder.git"}]}
[debug] [2024-08-18T02:43:43.559Z] >>> [apiv2][query] GET https://developerconnect.googleapis.com/v1/projects/try-nested/locations/us-central1/connections/apphosting-github-conn-7k7d87v [none]
[debug] [2024-08-18T02:43:43.661Z] <<< [apiv2][status] GET https://developerconnect.googleapis.com/v1/projects/try-nested/locations/us-central1/connections/apphosting-github-conn-7k7d87v 200
[debug] [2024-08-18T02:43:43.661Z] <<< [apiv2][body] GET https://developerconnect.googleapis.com/v1/projects/try-nested/locations/us-central1/connections/apphosting-github-conn-7k7d87v {"name":"projects/try-nested/locations/us-central1/connections/apphosting-github-conn-7k7d87v","createTime":"2024-08-18T02:21:08.698663838Z","updateTime":"2024-08-18T02:21:09.364617326Z","githubConfig":{"githubApp":"FIREBASE","authorizerCredential":{"oauthTokenSecretVersion":"projects/try-nested/secrets/firebase-app-hosting-github-oauth-github-oauthtoken-cbd855/versions/latest","username":"eeshamoona"},"appInstallationId":"53010483","installationUri":"https://github.com/settings/installations/53010483"},"installationState":{"stage":"COMPLETE"}}
[debug] [2024-08-18T02:43:43.662Z] >>> [apiv2][query] GET https://developerconnect.googleapis.com/v1/projects/try-nested/locations/us-central1/connections/apphosting-github-conn-7k7d87v/gitRepositoryLinks/eeshamoona-Nest-Builder [none]
[debug] [2024-08-18T02:43:43.737Z] <<< [apiv2][status] GET https://developerconnect.googleapis.com/v1/projects/try-nested/locations/us-central1/connections/apphosting-github-conn-7k7d87v/gitRepositoryLinks/eeshamoona-Nest-Builder 200
[debug] [2024-08-18T02:43:43.737Z] <<< [apiv2][body] GET https://developerconnect.googleapis.com/v1/projects/try-nested/locations/us-central1/connections/apphosting-github-conn-7k7d87v/gitRepositoryLinks/eeshamoona-Nest-Builder {"name":"projects/try-nested/locations/us-central1/connections/apphosting-github-conn-7k7d87v/gitRepositoryLinks/eeshamoona-Nest-Builder","cloneUri":"https://github.com/eeshamoona/Nest-Builder.git","createTime":"2024-08-18T02:21:46.613114446Z","updateTime":"2024-08-18T02:21:46.970123731Z"}
[debug] [2024-08-18T02:43:47.638Z] >>> [apiv2][query] GET https://developerconnect.googleapis.com/v1/projects/try-nested/locations/us-central1/connections/apphosting-github-conn-7k7d87v/gitRepositoryLinks/eeshamoona-Nest-Builder:fetchGitRefs refType=BRANCH&pageSize=1000&pageToken=
[debug] [2024-08-18T02:43:48.099Z] <<< [apiv2][status] GET https://developerconnect.googleapis.com/v1/projects/try-nested/locations/us-central1/connections/apphosting-github-conn-7k7d87v/gitRepositoryLinks/eeshamoona-Nest-Builder:fetchGitRefs 200
[debug] [2024-08-18T02:43:48.100Z] <<< [apiv2][body] GET https://developerconnect.googleapis.com/v1/projects/try-nested/locations/us-central1/connections/apphosting-github-conn-7k7d87v/gitRepositoryLinks/eeshamoona-Nest-Builder:fetchGitRefs {"refNames":["chakra-next-deployment","clean-deployment","cloud-deployment","dev","feature/add-maps","feature/hero-page","feature/nest-page","feature/user-input-prompting","fix/add-requirements","fix/default-categories","main"]}
[info] ✔  Repo linked successfully!
 
[info] i  === Set up your backend 
[debug] [2024-08-18T02:43:57.915Z] >>> [apiv2][query] GET https://firebaseapphosting.googleapis.com/v1alpha/projects/try-nested/locations/us-central1/backends/nested-backend [none]
[debug] [2024-08-18T02:43:58.100Z] <<< [apiv2][status] GET https://firebaseapphosting.googleapis.com/v1alpha/projects/try-nested/locations/us-central1/backends/nested-backend 200
[debug] [2024-08-18T02:43:58.100Z] <<< [apiv2][body] GET https://firebaseapphosting.googleapis.com/v1alpha/projects/try-nested/locations/us-central1/backends/nested-backend {"name":"projects/try-nested/locations/us-central1/backends/nested-backend","createTime":"2024-08-18T02:24:52.912367193Z","updateTime":"2024-08-18T02:26:10.195406Z","labels":{"deployment-tool":"cli-firebase"},"uri":"nested-backend--try-nested.us-central1.hosted.app","codebase":{"repository":"projects/try-nested/locations/us-central1/connections/apphosting-github-conn-7k7d87v/gitRepositoryLinks/eeshamoona-Nest-Builder","rootDirectory":"/client"},"uid":"e1719676-b2f7-4661-acec-f3ed2055cd5f","etag":"S4KE1P9VPaJMU32L4RR1BaETLpSN0IMB1GM7Nj_YLt4","reconciling":false,"servingLocality":"GLOBAL_ACCESS","serviceAccount":"firebase-app-hosting-compute@try-nested.iam.gserviceaccount.com","appId":"1:321604551303:web:a1384f4fd80aaf3b2dae22"}
[warn] ⚠  Backend with id nested-backend already exists in us-central1 
[debug] [2024-08-18T02:44:09.819Z] >>> [apiv2][query] GET https://firebaseapphosting.googleapis.com/v1alpha/projects/try-nested/locations/us-central1/backends/dev-nested-backend [none]
[debug] [2024-08-18T02:44:10.004Z] <<< [apiv2][status] GET https://firebaseapphosting.googleapis.com/v1alpha/projects/try-nested/locations/us-central1/backends/dev-nested-backend 404
[debug] [2024-08-18T02:44:10.004Z] <<< [apiv2][body] GET https://firebaseapphosting.googleapis.com/v1alpha/projects/try-nested/locations/us-central1/backends/dev-nested-backend {"error":{"code":404,"message":"Resource 'projects/try-nested/locations/us-central1/backends/dev-nested-backend' was not found","status":"NOT_FOUND","details":[{"@type":"type.googleapis.com/google.rpc.ResourceInfo","resourceName":"projects/try-nested/locations/us-central1/backends/dev-nested-backend"}]}}
[info] ✔  Name set to dev-nested-backend
 
[debug] [2024-08-18T02:44:10.007Z] >>> [apiv2][query] GET https://firebase.googleapis.com/v1beta1/projects/try-nested/webApps pageSize=100
[debug] [2024-08-18T02:44:10.169Z] <<< [apiv2][status] GET https://firebase.googleapis.com/v1beta1/projects/try-nested/webApps 200
[debug] [2024-08-18T02:44:10.169Z] <<< [apiv2][body] GET https://firebase.googleapis.com/v1beta1/projects/try-nested/webApps {"apps":[{"name":"projects/try-nested/webApps/1:321604551303:web:4eacf106bec3b9292dae22","appId":"1:321604551303:web:4eacf106bec3b9292dae22","displayName":"Nested","projectId":"try-nested","webId":"NWEzN2I3ZmQtYjdiOC00M2Y5LTkwOTQtODE0MTk4YzU0ODEx","apiKeyId":"db9f6cb9-a9bb-4d43-895a-af132471d160","state":"ACTIVE","expireTime":"1970-01-01T00:00:00Z","etag":"1_99c72818-a7b5-48a0-9687-affaecc2cf25"},{"name":"projects/try-nested/webApps/1:321604551303:web:a1384f4fd80aaf3b2dae22","appId":"1:321604551303:web:a1384f4fd80aaf3b2dae22","displayName":"nested-backend","projectId":"try-nested","webId":"N2ZmMTI2ZjktMjIxOS00ZGI4LWJjNjEtN2EyOWIyZGExM2Ji","apiKeyId":"db9f6cb9-a9bb-4d43-895a-af132471d160","state":"ACTIVE","expireTime":"1970-01-01T00:00:00Z","etag":"1_b63355e4-5f43-4296-8cc9-061111e666e7"}]}
[debug] [2024-08-18T02:44:10.170Z] >>> [apiv2][query] GET https://firebase.googleapis.com/v1beta1/projects/try-nested/webApps pageSize=100
[debug] [2024-08-18T02:44:10.296Z] <<< [apiv2][status] GET https://firebase.googleapis.com/v1beta1/projects/try-nested/webApps 200
[debug] [2024-08-18T02:44:10.296Z] <<< [apiv2][body] GET https://firebase.googleapis.com/v1beta1/projects/try-nested/webApps {"apps":[{"name":"projects/try-nested/webApps/1:321604551303:web:4eacf106bec3b9292dae22","appId":"1:321604551303:web:4eacf106bec3b9292dae22","displayName":"Nested","projectId":"try-nested","webId":"NWEzN2I3ZmQtYjdiOC00M2Y5LTkwOTQtODE0MTk4YzU0ODEx","apiKeyId":"db9f6cb9-a9bb-4d43-895a-af132471d160","state":"ACTIVE","expireTime":"1970-01-01T00:00:00Z","etag":"1_99c72818-a7b5-48a0-9687-affaecc2cf25"},{"name":"projects/try-nested/webApps/1:321604551303:web:a1384f4fd80aaf3b2dae22","appId":"1:321604551303:web:a1384f4fd80aaf3b2dae22","displayName":"nested-backend","projectId":"try-nested","webId":"N2ZmMTI2ZjktMjIxOS00ZGI4LWJjNjEtN2EyOWIyZGExM2Ji","apiKeyId":"db9f6cb9-a9bb-4d43-895a-af132471d160","state":"ACTIVE","expireTime":"1970-01-01T00:00:00Z","etag":"1_b63355e4-5f43-4296-8cc9-061111e666e7"}]}
[debug] [2024-08-18T02:44:10.297Z] >>> [apiv2][query] POST https://firebase.googleapis.com/v1beta1/projects/try-nested/webApps [none]
[debug] [2024-08-18T02:44:10.297Z] >>> [apiv2][body] POST https://firebase.googleapis.com/v1beta1/projects/try-nested/webApps {"displayName":"dev-nested-backend"}
[debug] [2024-08-18T02:44:10.722Z] <<< [apiv2][status] POST https://firebase.googleapis.com/v1beta1/projects/try-nested/webApps 200
[debug] [2024-08-18T02:44:10.723Z] <<< [apiv2][body] POST https://firebase.googleapis.com/v1beta1/projects/try-nested/webApps {"name":"operations/workflows/MjY4ODNhMGYtM2RlZS00NGUwLTlhYTktMTcwNTYyZTRiZTgy"}
[debug] [2024-08-18T02:44:10.726Z] >>> [apiv2][query] GET https://firebase.googleapis.com/v1beta1/operations/workflows/MjY4ODNhMGYtM2RlZS00NGUwLTlhYTktMTcwNTYyZTRiZTgy [none]
[debug] [2024-08-18T02:44:10.822Z] <<< [apiv2][status] GET https://firebase.googleapis.com/v1beta1/operations/workflows/MjY4ODNhMGYtM2RlZS00NGUwLTlhYTktMTcwNTYyZTRiZTgy 200
[debug] [2024-08-18T02:44:10.822Z] <<< [apiv2][body] GET https://firebase.googleapis.com/v1beta1/operations/workflows/MjY4ODNhMGYtM2RlZS00NGUwLTlhYTktMTcwNTYyZTRiZTgy {"name":"operations/workflows/MjY4ODNhMGYtM2RlZS00NGUwLTlhYTktMTcwNTYyZTRiZTgy"}
[debug] [2024-08-18T02:44:11.325Z] [Create Web app Poller] Retrying task index 0
[debug] [2024-08-18T02:44:11.326Z] >>> [apiv2][query] GET https://firebase.googleapis.com/v1beta1/operations/workflows/MjY4ODNhMGYtM2RlZS00NGUwLTlhYTktMTcwNTYyZTRiZTgy [none]
[debug] [2024-08-18T02:44:11.408Z] <<< [apiv2][status] GET https://firebase.googleapis.com/v1beta1/operations/workflows/MjY4ODNhMGYtM2RlZS00NGUwLTlhYTktMTcwNTYyZTRiZTgy 200
[debug] [2024-08-18T02:44:11.409Z] <<< [apiv2][body] GET https://firebase.googleapis.com/v1beta1/operations/workflows/MjY4ODNhMGYtM2RlZS00NGUwLTlhYTktMTcwNTYyZTRiZTgy {"name":"operations/workflows/MjY4ODNhMGYtM2RlZS00NGUwLTlhYTktMTcwNTYyZTRiZTgy"}
[debug] [2024-08-18T02:44:12.410Z] [Create Web app Poller] Retrying task index 0
[debug] [2024-08-18T02:44:12.412Z] >>> [apiv2][query] GET https://firebase.googleapis.com/v1beta1/operations/workflows/MjY4ODNhMGYtM2RlZS00NGUwLTlhYTktMTcwNTYyZTRiZTgy [none]
[debug] [2024-08-18T02:44:12.494Z] <<< [apiv2][status] GET https://firebase.googleapis.com/v1beta1/operations/workflows/MjY4ODNhMGYtM2RlZS00NGUwLTlhYTktMTcwNTYyZTRiZTgy 200
[debug] [2024-08-18T02:44:12.494Z] <<< [apiv2][body] GET https://firebase.googleapis.com/v1beta1/operations/workflows/MjY4ODNhMGYtM2RlZS00NGUwLTlhYTktMTcwNTYyZTRiZTgy {"name":"operations/workflows/MjY4ODNhMGYtM2RlZS00NGUwLTlhYTktMTcwNTYyZTRiZTgy"}
[debug] [2024-08-18T02:44:14.497Z] [Create Web app Poller] Retrying task index 0
[debug] [2024-08-18T02:44:14.498Z] >>> [apiv2][query] GET https://firebase.googleapis.com/v1beta1/operations/workflows/MjY4ODNhMGYtM2RlZS00NGUwLTlhYTktMTcwNTYyZTRiZTgy [none]
[debug] [2024-08-18T02:44:14.572Z] <<< [apiv2][status] GET https://firebase.googleapis.com/v1beta1/operations/workflows/MjY4ODNhMGYtM2RlZS00NGUwLTlhYTktMTcwNTYyZTRiZTgy 200
[debug] [2024-08-18T02:44:14.572Z] <<< [apiv2][body] GET https://firebase.googleapis.com/v1beta1/operations/workflows/MjY4ODNhMGYtM2RlZS00NGUwLTlhYTktMTcwNTYyZTRiZTgy {"name":"operations/workflows/MjY4ODNhMGYtM2RlZS00NGUwLTlhYTktMTcwNTYyZTRiZTgy"}
[debug] [2024-08-18T02:44:18.575Z] [Create Web app Poller] Retrying task index 0
[debug] [2024-08-18T02:44:18.576Z] >>> [apiv2][query] GET https://firebase.googleapis.com/v1beta1/operations/workflows/MjY4ODNhMGYtM2RlZS00NGUwLTlhYTktMTcwNTYyZTRiZTgy [none]
[debug] [2024-08-18T02:44:18.657Z] <<< [apiv2][status] GET https://firebase.googleapis.com/v1beta1/operations/workflows/MjY4ODNhMGYtM2RlZS00NGUwLTlhYTktMTcwNTYyZTRiZTgy 200
[debug] [2024-08-18T02:44:18.657Z] <<< [apiv2][body] GET https://firebase.googleapis.com/v1beta1/operations/workflows/MjY4ODNhMGYtM2RlZS00NGUwLTlhYTktMTcwNTYyZTRiZTgy {"name":"operations/workflows/MjY4ODNhMGYtM2RlZS00NGUwLTlhYTktMTcwNTYyZTRiZTgy","done":true,"response":{"@type":"type.googleapis.com/google.firebase.service.v1beta1.WebApp","name":"projects/try-nested/webApps/1:321604551303:web:f7fcfb7fc9c779f72dae22","appId":"1:321604551303:web:f7fcfb7fc9c779f72dae22","displayName":"dev-nested-backend","projectId":"try-nested","webId":"ZmZiMjZhZjEtOTkyMS00YzY3LWIzZGYtOGUxNTA3ODlkNDM0","apiKeyId":"db9f6cb9-a9bb-4d43-895a-af132471d160","state":"ACTIVE","expireTime":"1970-01-01T00:00:00Z","etag":"1_2397a4e8-8612-4c6f-9859-80723e758e3f"}}
[info] ✔  Created a new Firebase web app named "dev-nested-backend" 
[debug] [2024-08-18T02:44:18.661Z] >>> [apiv2][query] POST https://firebaseapphosting.googleapis.com/v1alpha/projects/try-nested/locations/us-central1/backends backendId=dev-nested-backend
[debug] [2024-08-18T02:44:18.661Z] >>> [apiv2][body] POST https://firebaseapphosting.googleapis.com/v1alpha/projects/try-nested/locations/us-central1/backends {"servingLocality":"GLOBAL_ACCESS","codebase":{"repository":"projects/try-nested/locations/us-central1/connections/apphosting-github-conn-7k7d87v/gitRepositoryLinks/eeshamoona-Nest-Builder","rootDirectory":"/client"},"labels":{"deployment-tool":"cli-firebase"},"serviceAccount":"firebase-app-hosting-compute@try-nested.iam.gserviceaccount.com","appId":"1:321604551303:web:f7fcfb7fc9c779f72dae22"}
[debug] [2024-08-18T02:44:19.005Z] <<< [apiv2][status] POST https://firebaseapphosting.googleapis.com/v1alpha/projects/try-nested/locations/us-central1/backends 200
[debug] [2024-08-18T02:44:19.005Z] <<< [apiv2][body] POST https://firebaseapphosting.googleapis.com/v1alpha/projects/try-nested/locations/us-central1/backends {"name":"projects/try-nested/locations/us-central1/operations/operation-1723949058905-61fec2b4456d3-33d81d39-2fa0fb1c","metadata":{"@type":"type.googleapis.com/google.firebase.apphosting.v1alpha.OperationMetadata","createTime":"2024-08-18T02:44:19.045892618Z","target":"projects/try-nested/locations/us-central1/backends/dev-nested-backend","verb":"create","requestedCancellation":false,"apiVersion":"v1alpha"},"done":false}
[debug] [2024-08-18T02:44:19.006Z] >>> [apiv2][query] GET https://firebaseapphosting.googleapis.com/v1alpha/projects/try-nested/locations/us-central1/operations/operation-1723949058905-61fec2b4456d3-33d81d39-2fa0fb1c [none]
[debug] [2024-08-18T02:44:19.072Z] <<< [apiv2][status] GET https://firebaseapphosting.googleapis.com/v1alpha/projects/try-nested/locations/us-central1/operations/operation-1723949058905-61fec2b4456d3-33d81d39-2fa0fb1c 200
[debug] [2024-08-18T02:44:19.072Z] <<< [apiv2][body] GET https://firebaseapphosting.googleapis.com/v1alpha/projects/try-nested/locations/us-central1/operations/operation-1723949058905-61fec2b4456d3-33d81d39-2fa0fb1c {"name":"projects/try-nested/locations/us-central1/operations/operation-1723949058905-61fec2b4456d3-33d81d39-2fa0fb1c","metadata":{"@type":"type.googleapis.com/google.firebase.apphosting.v1alpha.OperationMetadata","createTime":"2024-08-18T02:44:19.045892618Z","target":"projects/try-nested/locations/us-central1/backends/dev-nested-backend","verb":"create","requestedCancellation":false,"apiVersion":"v1alpha"},"done":false}
[debug] [2024-08-18T02:44:19.573Z] [create-try-nested-us-central1-dev-nested-backend] Retrying task index 0
[debug] [2024-08-18T02:44:19.574Z] >>> [apiv2][query] GET https://firebaseapphosting.googleapis.com/v1alpha/projects/try-nested/locations/us-central1/operations/operation-1723949058905-61fec2b4456d3-33d81d39-2fa0fb1c [none]
[debug] [2024-08-18T02:44:19.636Z] <<< [apiv2][status] GET https://firebaseapphosting.googleapis.com/v1alpha/projects/try-nested/locations/us-central1/operations/operation-1723949058905-61fec2b4456d3-33d81d39-2fa0fb1c 200
[debug] [2024-08-18T02:44:19.636Z] <<< [apiv2][body] GET https://firebaseapphosting.googleapis.com/v1alpha/projects/try-nested/locations/us-central1/operations/operation-1723949058905-61fec2b4456d3-33d81d39-2fa0fb1c {"name":"projects/try-nested/locations/us-central1/operations/operation-1723949058905-61fec2b4456d3-33d81d39-2fa0fb1c","metadata":{"@type":"type.googleapis.com/google.firebase.apphosting.v1alpha.OperationMetadata","createTime":"2024-08-18T02:44:19.045892618Z","endTime":"2024-08-18T02:44:19.216735574Z","target":"projects/try-nested/locations/us-central1/backends/dev-nested-backend","verb":"create","requestedCancellation":false,"apiVersion":"v1alpha"},"done":true,"response":{"@type":"type.googleapis.com/google.firebase.apphosting.v1alpha.Backend","name":"projects/try-nested/locations/us-central1/backends/dev-nested-backend","createTime":"2024-08-18T02:44:19.041701478Z","updateTime":"2024-08-18T02:44:19.213181Z","labels":{"deployment-tool":"cli-firebase"},"uri":"dev-nested-backend--try-nested.us-central1.hosted.app","codebase":{"repository":"projects/try-nested/locations/us-central1/connections/apphosting-github-conn-7k7d87v/gitRepositoryLinks/eeshamoona-Nest-Builder","rootDirectory":"/client"},"uid":"f78223a4-c09c-4c64-921f-5d44460dd9a2","etag":"CDm0IZQNKR5_2hzJJrKJX7pxhotP4JbLPoRE3eC_X18","reconciling":false,"servingLocality":"GLOBAL_ACCESS","serviceAccount":"firebase-app-hosting-compute@try-nested.iam.gserviceaccount.com","appId":"1:321604551303:web:f7fcfb7fc9c779f72dae22"}}
[debug] [2024-08-18T02:44:19.638Z] >>> [apiv2][query] PATCH https://firebaseapphosting.googleapis.com/v1alpha/projects/try-nested/locations/us-central1/backends/dev-nested-backend/traffic updateMask=rolloutPolicy
[debug] [2024-08-18T02:44:19.639Z] >>> [apiv2][body] PATCH https://firebaseapphosting.googleapis.com/v1alpha/projects/try-nested/locations/us-central1/backends/dev-nested-backend/traffic {"rolloutPolicy":{"codebaseBranch":"dev","stages":[{"progression":"IMMEDIATE","targetPercent":100}]},"name":"projects/try-nested/locations/us-central1/backends/dev-nested-backend/traffic"}
[debug] [2024-08-18T02:44:19.750Z] <<< [apiv2][status] PATCH https://firebaseapphosting.googleapis.com/v1alpha/projects/try-nested/locations/us-central1/backends/dev-nested-backend/traffic 200
[debug] [2024-08-18T02:44:19.750Z] <<< [apiv2][body] PATCH https://firebaseapphosting.googleapis.com/v1alpha/projects/try-nested/locations/us-central1/backends/dev-nested-backend/traffic {"name":"projects/try-nested/locations/us-central1/operations/operation-1723949059751-61fec2b513d1e-9beb5a36-c748823a","metadata":{"@type":"type.googleapis.com/google.firebase.apphosting.v1alpha.OperationMetadata","createTime":"2024-08-18T02:44:19.787727492Z","target":"projects/try-nested/locations/us-central1/backends/dev-nested-backend/traffic","verb":"update","requestedCancellation":false,"apiVersion":"v1alpha"},"done":false}
[debug] [2024-08-18T02:44:19.750Z] >>> [apiv2][query] GET https://firebaseapphosting.googleapis.com/v1alpha/projects/try-nested/locations/us-central1/operations/operation-1723949059751-61fec2b513d1e-9beb5a36-c748823a [none]
[debug] [2024-08-18T02:44:19.792Z] <<< [apiv2][status] GET https://firebaseapphosting.googleapis.com/v1alpha/projects/try-nested/locations/us-central1/operations/operation-1723949059751-61fec2b513d1e-9beb5a36-c748823a 200
[debug] [2024-08-18T02:44:19.793Z] <<< [apiv2][body] GET https://firebaseapphosting.googleapis.com/v1alpha/projects/try-nested/locations/us-central1/operations/operation-1723949059751-61fec2b513d1e-9beb5a36-c748823a {"name":"projects/try-nested/locations/us-central1/operations/operation-1723949059751-61fec2b513d1e-9beb5a36-c748823a","metadata":{"@type":"type.googleapis.com/google.firebase.apphosting.v1alpha.OperationMetadata","createTime":"2024-08-18T02:44:19.787727492Z","target":"projects/try-nested/locations/us-central1/backends/dev-nested-backend/traffic","verb":"update","requestedCancellation":false,"apiVersion":"v1alpha"},"done":false}
[debug] [2024-08-18T02:44:20.294Z] [updateTraffic-try-nested-us-central1-dev-nested-backend] Retrying task index 0
[debug] [2024-08-18T02:44:20.295Z] >>> [apiv2][query] GET https://firebaseapphosting.googleapis.com/v1alpha/projects/try-nested/locations/us-central1/operations/operation-1723949059751-61fec2b513d1e-9beb5a36-c748823a [none]
[debug] [2024-08-18T02:44:20.345Z] <<< [apiv2][status] GET https://firebaseapphosting.googleapis.com/v1alpha/projects/try-nested/locations/us-central1/operations/operation-1723949059751-61fec2b513d1e-9beb5a36-c748823a 200
[debug] [2024-08-18T02:44:20.345Z] <<< [apiv2][body] GET https://firebaseapphosting.googleapis.com/v1alpha/projects/try-nested/locations/us-central1/operations/operation-1723949059751-61fec2b513d1e-9beb5a36-c748823a {"name":"projects/try-nested/locations/us-central1/operations/operation-1723949059751-61fec2b513d1e-9beb5a36-c748823a","metadata":{"@type":"type.googleapis.com/google.firebase.apphosting.v1alpha.OperationMetadata","createTime":"2024-08-18T02:44:19.787727492Z","endTime":"2024-08-18T02:44:19.830063051Z","target":"projects/try-nested/locations/us-central1/backends/dev-nested-backend/traffic","verb":"update","requestedCancellation":false,"apiVersion":"v1alpha"},"done":true,"response":{"@type":"type.googleapis.com/google.firebase.apphosting.v1alpha.Traffic","name":"projects/try-nested/locations/us-central1/backends/dev-nested-backend/traffic","rolloutPolicy":{"codebaseBranch":"dev","stages":[{"progression":"IMMEDIATE","targetPercent":100}]},"reconciling":false,"createTime":"2024-08-18T02:44:19.780883232Z","updateTime":"2024-08-18T02:44:19.213181Z","etag":"h0zWQj8F2vTo-ufuSN9C7Q0m0GryLIvZ0sSRdgglnr4","uid":"a1ebf144-d5d0-49e5-8284-dbd10b020f58","current":{}}}
[info] i  You may also track this rollout at:
	https://console.firebase.google.com/project/try-nested/apphosting 
[debug] [2024-08-18T02:44:21.880Z] >>> [apiv2][query] POST https://firebaseapphosting.googleapis.com/v1alpha/projects/try-nested/locations/us-central1/backends/dev-nested-backend/builds buildId=build-2024-08-18-001
[debug] [2024-08-18T02:44:21.881Z] >>> [apiv2][body] POST https://firebaseapphosting.googleapis.com/v1alpha/projects/try-nested/locations/us-central1/backends/dev-nested-backend/builds {"source":{"codebase":{"branch":"dev"}},"labels":{"deployment-tool":"cli-firebase"}}
[debug] [2024-08-18T02:44:21.983Z] <<< [apiv2][status] POST https://firebaseapphosting.googleapis.com/v1alpha/projects/try-nested/locations/us-central1/backends/dev-nested-backend/builds 200
[debug] [2024-08-18T02:44:21.984Z] <<< [apiv2][body] POST https://firebaseapphosting.googleapis.com/v1alpha/projects/try-nested/locations/us-central1/backends/dev-nested-backend/builds {"name":"projects/try-nested/locations/us-central1/operations/operation-1723949061992-61fec2b736f0e-f90fc919-6fcf7d7a","metadata":{"@type":"type.googleapis.com/google.firebase.apphosting.v1alpha.OperationMetadata","createTime":"2024-08-18T02:44:22.025816069Z","target":"projects/try-nested/locations/us-central1/backends/dev-nested-backend/builds/build-2024-08-18-001","verb":"create","requestedCancellation":false,"apiVersion":"v1alpha"},"done":false}
[debug] [2024-08-18T02:44:21.984Z] >>> [apiv2][query] POST https://firebaseapphosting.googleapis.com/v1alpha/projects/try-nested/locations/us-central1/backends/dev-nested-backend/rollouts rolloutId=build-2024-08-18-001&validateOnly=true
[debug] [2024-08-18T02:44:21.984Z] >>> [apiv2][body] POST https://firebaseapphosting.googleapis.com/v1alpha/projects/try-nested/locations/us-central1/backends/dev-nested-backend/rollouts {"build":"projects/try-nested/locations/us-central1/backends/dev-nested-backend/builds/build-2024-08-18-001","labels":{"deployment-tool":"cli-firebase"}}
[debug] [2024-08-18T02:44:22.053Z] <<< [apiv2][status] POST https://firebaseapphosting.googleapis.com/v1alpha/projects/try-nested/locations/us-central1/backends/dev-nested-backend/rollouts 400
[debug] [2024-08-18T02:44:22.053Z] <<< [apiv2][body] POST https://firebaseapphosting.googleapis.com/v1alpha/projects/try-nested/locations/us-central1/backends/dev-nested-backend/rollouts {"error":{"code":400,"message":"The request was invalid: build \"build-2024-08-18-001\" was not found and is invalid","status":"INVALID_ARGUMENT","details":[{"@type":"type.googleapis.com/google.rpc.BadRequest","fieldViolations":[{"field":"build"}]},{"@type":"type.googleapis.com/google.rpc.RequestInfo","requestId":"1da0c18a939bfca1"}]}}
[debug] [2024-08-18T02:44:23.055Z] >>> [apiv2][query] POST https://firebaseapphosting.googleapis.com/v1alpha/projects/try-nested/locations/us-central1/backends/dev-nested-backend/rollouts rolloutId=build-2024-08-18-001&validateOnly=true
[debug] [2024-08-18T02:44:23.055Z] >>> [apiv2][body] POST https://firebaseapphosting.googleapis.com/v1alpha/projects/try-nested/locations/us-central1/backends/dev-nested-backend/rollouts {"build":"projects/try-nested/locations/us-central1/backends/dev-nested-backend/builds/build-2024-08-18-001","labels":{"deployment-tool":"cli-firebase"}}
[debug] [2024-08-18T02:44:23.124Z] <<< [apiv2][status] POST https://firebaseapphosting.googleapis.com/v1alpha/projects/try-nested/locations/us-central1/backends/dev-nested-backend/rollouts 200
[debug] [2024-08-18T02:44:23.124Z] <<< [apiv2][body] POST https://firebaseapphosting.googleapis.com/v1alpha/projects/try-nested/locations/us-central1/backends/dev-nested-backend/rollouts {}
[debug] [2024-08-18T02:44:23.125Z] >>> [apiv2][query] POST https://firebaseapphosting.googleapis.com/v1alpha/projects/try-nested/locations/us-central1/backends/dev-nested-backend/rollouts rolloutId=build-2024-08-18-001&validateOnly=false
[debug] [2024-08-18T02:44:23.125Z] >>> [apiv2][body] POST https://firebaseapphosting.googleapis.com/v1alpha/projects/try-nested/locations/us-central1/backends/dev-nested-backend/rollouts {"build":"projects/try-nested/locations/us-central1/backends/dev-nested-backend/builds/build-2024-08-18-001","labels":{"deployment-tool":"cli-firebase"}}
[debug] [2024-08-18T02:44:23.217Z] <<< [apiv2][status] POST https://firebaseapphosting.googleapis.com/v1alpha/projects/try-nested/locations/us-central1/backends/dev-nested-backend/rollouts 200
[debug] [2024-08-18T02:44:23.218Z] <<< [apiv2][body] POST https://firebaseapphosting.googleapis.com/v1alpha/projects/try-nested/locations/us-central1/backends/dev-nested-backend/rollouts {"name":"projects/try-nested/locations/us-central1/operations/operation-1723949063243-61fec2b868792-61c83e98-c581b986","metadata":{"@type":"type.googleapis.com/google.firebase.apphosting.v1alpha.OperationMetadata","createTime":"2024-08-18T02:44:23.255645581Z","target":"projects/try-nested/locations/us-central1/backends/dev-nested-backend/rollouts/build-2024-08-18-001","verb":"create","requestedCancellation":false,"apiVersion":"v1alpha"},"done":false}
[debug] [2024-08-18T02:44:23.219Z] >>> [apiv2][query] GET https://firebaseapphosting.googleapis.com/v1alpha/projects/try-nested/locations/us-central1/operations/operation-1723949063243-61fec2b868792-61c83e98-c581b986 [none]
[debug] [2024-08-18T02:44:23.219Z] >>> [apiv2][query] GET https://firebaseapphosting.googleapis.com/v1alpha/projects/try-nested/locations/us-central1/operations/operation-1723949061992-61fec2b736f0e-f90fc919-6fcf7d7a [none]
[debug] [2024-08-18T02:44:23.269Z] <<< [apiv2][status] GET https://firebaseapphosting.googleapis.com/v1alpha/projects/try-nested/locations/us-central1/operations/operation-1723949063243-61fec2b868792-61c83e98-c581b986 200
[debug] [2024-08-18T02:44:23.269Z] <<< [apiv2][body] GET https://firebaseapphosting.googleapis.com/v1alpha/projects/try-nested/locations/us-central1/operations/operation-1723949063243-61fec2b868792-61c83e98-c581b986 {"name":"projects/try-nested/locations/us-central1/operations/operation-1723949063243-61fec2b868792-61c83e98-c581b986","metadata":{"@type":"type.googleapis.com/google.firebase.apphosting.v1alpha.OperationMetadata","createTime":"2024-08-18T02:44:23.255645581Z","target":"projects/try-nested/locations/us-central1/backends/dev-nested-backend/rollouts/build-2024-08-18-001","verb":"create","requestedCancellation":false,"apiVersion":"v1alpha"},"done":false}
[debug] [2024-08-18T02:44:23.377Z] <<< [apiv2][status] GET https://firebaseapphosting.googleapis.com/v1alpha/projects/try-nested/locations/us-central1/operations/operation-1723949061992-61fec2b736f0e-f90fc919-6fcf7d7a 200
[debug] [2024-08-18T02:44:23.378Z] <<< [apiv2][body] GET https://firebaseapphosting.googleapis.com/v1alpha/projects/try-nested/locations/us-central1/operations/operation-1723949061992-61fec2b736f0e-f90fc919-6fcf7d7a {"name":"projects/try-nested/locations/us-central1/operations/operation-1723949061992-61fec2b736f0e-f90fc919-6fcf7d7a","metadata":{"@type":"type.googleapis.com/google.firebase.apphosting.v1alpha.OperationMetadata","createTime":"2024-08-18T02:44:22.025816069Z","target":"projects/try-nested/locations/us-central1/backends/dev-nested-backend/builds/build-2024-08-18-001","verb":"create","requestedCancellation":false,"apiVersion":"v1alpha"},"done":false}
[debug] [2024-08-18T02:44:23.770Z] [create-try-nested-us-central1-backend-dev-nested-backend-rollout-build-2024-08-18-001] Retrying task index 0
[debug] [2024-08-18T02:44:23.772Z] >>> [apiv2][query] GET https://firebaseapphosting.googleapis.com/v1alpha/projects/try-nested/locations/us-central1/operations/operation-1723949063243-61fec2b868792-61c83e98-c581b986 [none]
[debug] [2024-08-18T02:44:23.817Z] <<< [apiv2][status] GET https://firebaseapphosting.googleapis.com/v1alpha/projects/try-nested/locations/us-central1/operations/operation-1723949063243-61fec2b868792-61c83e98-c581b986 200
[debug] [2024-08-18T02:44:23.817Z] <<< [apiv2][body] GET https://firebaseapphosting.googleapis.com/v1alpha/projects/try-nested/locations/us-central1/operations/operation-1723949063243-61fec2b868792-61c83e98-c581b986 {"name":"projects/try-nested/locations/us-central1/operations/operation-1723949063243-61fec2b868792-61c83e98-c581b986","metadata":{"@type":"type.googleapis.com/google.firebase.apphosting.v1alpha.OperationMetadata","createTime":"2024-08-18T02:44:23.255645581Z","endTime":"2024-08-18T02:44:23.289380691Z","target":"projects/try-nested/locations/us-central1/backends/dev-nested-backend/rollouts/build-2024-08-18-001","verb":"create","requestedCancellation":false,"apiVersion":"v1alpha"},"done":true,"response":{"@type":"type.googleapis.com/google.firebase.apphosting.v1alpha.Rollout","name":"projects/try-nested/locations/us-central1/backends/dev-nested-backend/rollouts/build-2024-08-18-001","createTime":"2024-08-18T02:44:23.250918741Z","updateTime":"2024-08-18T02:44:23.279828245Z","state":"QUEUED","build":"projects/try-nested/locations/us-central1/backends/dev-nested-backend/builds/build-2024-08-18-001","stages":[{"progression":"IMMEDIATE","targetPercent":100}],"labels":{"deployment-tool":"cli-firebase"},"uid":"c8be6d61-c11e-4979-9977-85228b2b42be","etag":"gydRSZPUhRaPm9vA8UhP8jdEzG8ATsBD-U1HIzO4soA","reconciling":false}}
[debug] [2024-08-18T02:44:23.880Z] [create-try-nested-us-central1-backend-dev-nested-backend-build-build-2024-08-18-001] Retrying task index 0
[debug] [2024-08-18T02:44:23.880Z] >>> [apiv2][query] GET https://firebaseapphosting.googleapis.com/v1alpha/projects/try-nested/locations/us-central1/operations/operation-1723949061992-61fec2b736f0e-f90fc919-6fcf7d7a [none]
[debug] [2024-08-18T02:44:23.935Z] <<< [apiv2][status] GET https://firebaseapphosting.googleapis.com/v1alpha/projects/try-nested/locations/us-central1/operations/operation-1723949061992-61fec2b736f0e-f90fc919-6fcf7d7a 200
[debug] [2024-08-18T02:44:23.935Z] <<< [apiv2][body] GET https://firebaseapphosting.googleapis.com/v1alpha/projects/try-nested/locations/us-central1/operations/operation-1723949061992-61fec2b736f0e-f90fc919-6fcf7d7a {"name":"projects/try-nested/locations/us-central1/operations/operation-1723949061992-61fec2b736f0e-f90fc919-6fcf7d7a","metadata":{"@type":"type.googleapis.com/google.firebase.apphosting.v1alpha.OperationMetadata","createTime":"2024-08-18T02:44:22.025816069Z","target":"projects/try-nested/locations/us-central1/backends/dev-nested-backend/builds/build-2024-08-18-001","verb":"create","requestedCancellation":false,"apiVersion":"v1alpha"},"done":false}
[debug] [2024-08-18T02:44:24.935Z] [create-try-nested-us-central1-backend-dev-nested-backend-build-build-2024-08-18-001] Retrying task index 0
[debug] [2024-08-18T02:44:24.937Z] >>> [apiv2][query] GET https://firebaseapphosting.googleapis.com/v1alpha/projects/try-nested/locations/us-central1/operations/operation-1723949061992-61fec2b736f0e-f90fc919-6fcf7d7a [none]
[debug] [2024-08-18T02:44:24.978Z] <<< [apiv2][status] GET https://firebaseapphosting.googleapis.com/v1alpha/projects/try-nested/locations/us-central1/operations/operation-1723949061992-61fec2b736f0e-f90fc919-6fcf7d7a 200
[debug] [2024-08-18T02:44:24.978Z] <<< [apiv2][body] GET https://firebaseapphosting.googleapis.com/v1alpha/projects/try-nested/locations/us-central1/operations/operation-1723949061992-61fec2b736f0e-f90fc919-6fcf7d7a {"name":"projects/try-nested/locations/us-central1/operations/operation-1723949061992-61fec2b736f0e-f90fc919-6fcf7d7a","metadata":{"@type":"type.googleapis.com/google.firebase.apphosting.v1alpha.OperationMetadata","createTime":"2024-08-18T02:44:22.025816069Z","target":"projects/try-nested/locations/us-central1/backends/dev-nested-backend/builds/build-2024-08-18-001","verb":"create","requestedCancellation":false,"apiVersion":"v1alpha"},"done":false}
[debug] [2024-08-18T02:44:26.980Z] [create-try-nested-us-central1-backend-dev-nested-backend-build-build-2024-08-18-001] Retrying task index 0
[debug] [2024-08-18T02:44:26.981Z] >>> [apiv2][query] GET https://firebaseapphosting.googleapis.com/v1alpha/projects/try-nested/locations/us-central1/operations/operation-1723949061992-61fec2b736f0e-f90fc919-6fcf7d7a [none]
[debug] [2024-08-18T02:44:27.028Z] <<< [apiv2][status] GET https://firebaseapphosting.googleapis.com/v1alpha/projects/try-nested/locations/us-central1/operations/operation-1723949061992-61fec2b736f0e-f90fc919-6fcf7d7a 200
[debug] [2024-08-18T02:44:27.029Z] <<< [apiv2][body] GET https://firebaseapphosting.googleapis.com/v1alpha/projects/try-nested/locations/us-central1/operations/operation-1723949061992-61fec2b736f0e-f90fc919-6fcf7d7a {"name":"projects/try-nested/locations/us-central1/operations/operation-1723949061992-61fec2b736f0e-f90fc919-6fcf7d7a","metadata":{"@type":"type.googleapis.com/google.firebase.apphosting.v1alpha.OperationMetadata","createTime":"2024-08-18T02:44:22.025816069Z","target":"projects/try-nested/locations/us-central1/backends/dev-nested-backend/builds/build-2024-08-18-001","verb":"create","requestedCancellation":false,"apiVersion":"v1alpha"},"done":false}
[debug] [2024-08-18T02:44:31.030Z] [create-try-nested-us-central1-backend-dev-nested-backend-build-build-2024-08-18-001] Retrying task index 0
[debug] [2024-08-18T02:44:31.030Z] >>> [apiv2][query] GET https://firebaseapphosting.googleapis.com/v1alpha/projects/try-nested/locations/us-central1/operations/operation-1723949061992-61fec2b736f0e-f90fc919-6fcf7d7a [none]
[debug] [2024-08-18T02:44:31.077Z] <<< [apiv2][status] GET https://firebaseapphosting.googleapis.com/v1alpha/projects/try-nested/locations/us-central1/operations/operation-1723949061992-61fec2b736f0e-f90fc919-6fcf7d7a 200
[debug] [2024-08-18T02:44:31.077Z] <<< [apiv2][body] GET https://firebaseapphosting.googleapis.com/v1alpha/projects/try-nested/locations/us-central1/operations/operation-1723949061992-61fec2b736f0e-f90fc919-6fcf7d7a {"name":"projects/try-nested/locations/us-central1/operations/operation-1723949061992-61fec2b736f0e-f90fc919-6fcf7d7a","metadata":{"@type":"type.googleapis.com/google.firebase.apphosting.v1alpha.OperationMetadata","createTime":"2024-08-18T02:44:22.025816069Z","target":"projects/try-nested/locations/us-central1/backends/dev-nested-backend/builds/build-2024-08-18-001","verb":"create","requestedCancellation":false,"apiVersion":"v1alpha"},"done":false}
[debug] [2024-08-18T02:44:39.079Z] [create-try-nested-us-central1-backend-dev-nested-backend-build-build-2024-08-18-001] Retrying task index 0
[debug] [2024-08-18T02:44:39.090Z] >>> [apiv2][query] GET https://firebaseapphosting.googleapis.com/v1alpha/projects/try-nested/locations/us-central1/operations/operation-1723949061992-61fec2b736f0e-f90fc919-6fcf7d7a [none]
[debug] [2024-08-18T02:44:39.262Z] <<< [apiv2][status] GET https://firebaseapphosting.googleapis.com/v1alpha/projects/try-nested/locations/us-central1/operations/operation-1723949061992-61fec2b736f0e-f90fc919-6fcf7d7a 200
[debug] [2024-08-18T02:44:39.262Z] <<< [apiv2][body] GET https://firebaseapphosting.googleapis.com/v1alpha/projects/try-nested/locations/us-central1/operations/operation-1723949061992-61fec2b736f0e-f90fc919-6fcf7d7a {"name":"projects/try-nested/locations/us-central1/operations/operation-1723949061992-61fec2b736f0e-f90fc919-6fcf7d7a","metadata":{"@type":"type.googleapis.com/google.firebase.apphosting.v1alpha.OperationMetadata","createTime":"2024-08-18T02:44:22.025816069Z","target":"projects/try-nested/locations/us-central1/backends/dev-nested-backend/builds/build-2024-08-18-001","verb":"create","requestedCancellation":false,"apiVersion":"v1alpha"},"done":false}
[debug] [2024-08-18T02:44:49.263Z] [create-try-nested-us-central1-backend-dev-nested-backend-build-build-2024-08-18-001] Retrying task index 0
[debug] [2024-08-18T02:44:49.265Z] >>> [apiv2][query] GET https://firebaseapphosting.googleapis.com/v1alpha/projects/try-nested/locations/us-central1/operations/operation-1723949061992-61fec2b736f0e-f90fc919-6fcf7d7a [none]
[debug] [2024-08-18T02:44:49.424Z] <<< [apiv2][status] GET https://firebaseapphosting.googleapis.com/v1alpha/projects/try-nested/locations/us-central1/operations/operation-1723949061992-61fec2b736f0e-f90fc919-6fcf7d7a 200
[debug] [2024-08-18T02:44:49.424Z] <<< [apiv2][body] GET https://firebaseapphosting.googleapis.com/v1alpha/projects/try-nested/locations/us-central1/operations/operation-1723949061992-61fec2b736f0e-f90fc919-6fcf7d7a {"name":"projects/try-nested/locations/us-central1/operations/operation-1723949061992-61fec2b736f0e-f90fc919-6fcf7d7a","metadata":{"@type":"type.googleapis.com/google.firebase.apphosting.v1alpha.OperationMetadata","createTime":"2024-08-18T02:44:22.025816069Z","target":"projects/try-nested/locations/us-central1/backends/dev-nested-backend/builds/build-2024-08-18-001","verb":"create","requestedCancellation":false,"apiVersion":"v1alpha"},"done":false}
[debug] [2024-08-18T02:44:59.426Z] [create-try-nested-us-central1-backend-dev-nested-backend-build-build-2024-08-18-001] Retrying task index 0
[debug] [2024-08-18T02:44:59.426Z] >>> [apiv2][query] GET https://firebaseapphosting.googleapis.com/v1alpha/projects/try-nested/locations/us-central1/operations/operation-1723949061992-61fec2b736f0e-f90fc919-6fcf7d7a [none]
[debug] [2024-08-18T02:44:59.581Z] <<< [apiv2][status] GET https://firebaseapphosting.googleapis.com/v1alpha/projects/try-nested/locations/us-central1/operations/operation-1723949061992-61fec2b736f0e-f90fc919-6fcf7d7a 200
[debug] [2024-08-18T02:44:59.581Z] <<< [apiv2][body] GET https://firebaseapphosting.googleapis.com/v1alpha/projects/try-nested/locations/us-central1/operations/operation-1723949061992-61fec2b736f0e-f90fc919-6fcf7d7a {"name":"projects/try-nested/locations/us-central1/operations/operation-1723949061992-61fec2b736f0e-f90fc919-6fcf7d7a","metadata":{"@type":"type.googleapis.com/google.firebase.apphosting.v1alpha.OperationMetadata","createTime":"2024-08-18T02:44:22.025816069Z","target":"projects/try-nested/locations/us-central1/backends/dev-nested-backend/builds/build-2024-08-18-001","verb":"create","requestedCancellation":false,"apiVersion":"v1alpha"},"done":false}
[debug] [2024-08-18T02:45:09.582Z] [create-try-nested-us-central1-backend-dev-nested-backend-build-build-2024-08-18-001] Retrying task index 0
[debug] [2024-08-18T02:45:09.582Z] >>> [apiv2][query] GET https://firebaseapphosting.googleapis.com/v1alpha/projects/try-nested/locations/us-central1/operations/operation-1723949061992-61fec2b736f0e-f90fc919-6fcf7d7a [none]
[debug] [2024-08-18T02:45:09.744Z] <<< [apiv2][status] GET https://firebaseapphosting.googleapis.com/v1alpha/projects/try-nested/locations/us-central1/operations/operation-1723949061992-61fec2b736f0e-f90fc919-6fcf7d7a 200
[debug] [2024-08-18T02:45:09.744Z] <<< [apiv2][body] GET https://firebaseapphosting.googleapis.com/v1alpha/projects/try-nested/locations/us-central1/operations/operation-1723949061992-61fec2b736f0e-f90fc919-6fcf7d7a {"name":"projects/try-nested/locations/us-central1/operations/operation-1723949061992-61fec2b736f0e-f90fc919-6fcf7d7a","metadata":{"@type":"type.googleapis.com/google.firebase.apphosting.v1alpha.OperationMetadata","createTime":"2024-08-18T02:44:22.025816069Z","target":"projects/try-nested/locations/us-central1/backends/dev-nested-backend/builds/build-2024-08-18-001","verb":"create","requestedCancellation":false,"apiVersion":"v1alpha"},"done":false}
[debug] [2024-08-18T02:45:19.745Z] [create-try-nested-us-central1-backend-dev-nested-backend-build-build-2024-08-18-001] Retrying task index 0
[debug] [2024-08-18T02:45:19.745Z] >>> [apiv2][query] GET https://firebaseapphosting.googleapis.com/v1alpha/projects/try-nested/locations/us-central1/operations/operation-1723949061992-61fec2b736f0e-f90fc919-6fcf7d7a [none]
[debug] [2024-08-18T02:45:19.912Z] <<< [apiv2][status] GET https://firebaseapphosting.googleapis.com/v1alpha/projects/try-nested/locations/us-central1/operations/operation-1723949061992-61fec2b736f0e-f90fc919-6fcf7d7a 200
[debug] [2024-08-18T02:45:19.912Z] <<< [apiv2][body] GET https://firebaseapphosting.googleapis.com/v1alpha/projects/try-nested/locations/us-central1/operations/operation-1723949061992-61fec2b736f0e-f90fc919-6fcf7d7a {"name":"projects/try-nested/locations/us-central1/operations/operation-1723949061992-61fec2b736f0e-f90fc919-6fcf7d7a","metadata":{"@type":"type.googleapis.com/google.firebase.apphosting.v1alpha.OperationMetadata","createTime":"2024-08-18T02:44:22.025816069Z","target":"projects/try-nested/locations/us-central1/backends/dev-nested-backend/builds/build-2024-08-18-001","verb":"create","requestedCancellation":false,"apiVersion":"v1alpha"},"done":false}
[debug] [2024-08-18T02:45:29.913Z] [create-try-nested-us-central1-backend-dev-nested-backend-build-build-2024-08-18-001] Retrying task index 0
[debug] [2024-08-18T02:45:29.913Z] >>> [apiv2][query] GET https://firebaseapphosting.googleapis.com/v1alpha/projects/try-nested/locations/us-central1/operations/operation-1723949061992-61fec2b736f0e-f90fc919-6fcf7d7a [none]
[debug] [2024-08-18T02:45:30.090Z] <<< [apiv2][status] GET https://firebaseapphosting.googleapis.com/v1alpha/projects/try-nested/locations/us-central1/operations/operation-1723949061992-61fec2b736f0e-f90fc919-6fcf7d7a 200
[debug] [2024-08-18T02:45:30.090Z] <<< [apiv2][body] GET https://firebaseapphosting.googleapis.com/v1alpha/projects/try-nested/locations/us-central1/operations/operation-1723949061992-61fec2b736f0e-f90fc919-6fcf7d7a {"name":"projects/try-nested/locations/us-central1/operations/operation-1723949061992-61fec2b736f0e-f90fc919-6fcf7d7a","metadata":{"@type":"type.googleapis.com/google.firebase.apphosting.v1alpha.OperationMetadata","createTime":"2024-08-18T02:44:22.025816069Z","target":"projects/try-nested/locations/us-central1/backends/dev-nested-backend/builds/build-2024-08-18-001","verb":"create","requestedCancellation":false,"apiVersion":"v1alpha"},"done":false}
[debug] [2024-08-18T02:45:40.092Z] [create-try-nested-us-central1-backend-dev-nested-backend-build-build-2024-08-18-001] Retrying task index 0
[debug] [2024-08-18T02:45:40.092Z] >>> [apiv2][query] GET https://firebaseapphosting.googleapis.com/v1alpha/projects/try-nested/locations/us-central1/operations/operation-1723949061992-61fec2b736f0e-f90fc919-6fcf7d7a [none]
[debug] [2024-08-18T02:45:40.337Z] <<< [apiv2][status] GET https://firebaseapphosting.googleapis.com/v1alpha/projects/try-nested/locations/us-central1/operations/operation-1723949061992-61fec2b736f0e-f90fc919-6fcf7d7a 200
[debug] [2024-08-18T02:45:40.337Z] <<< [apiv2][body] GET https://firebaseapphosting.googleapis.com/v1alpha/projects/try-nested/locations/us-central1/operations/operation-1723949061992-61fec2b736f0e-f90fc919-6fcf7d7a {"name":"projects/try-nested/locations/us-central1/operations/operation-1723949061992-61fec2b736f0e-f90fc919-6fcf7d7a","metadata":{"@type":"type.googleapis.com/google.firebase.apphosting.v1alpha.OperationMetadata","createTime":"2024-08-18T02:44:22.025816069Z","target":"projects/try-nested/locations/us-central1/backends/dev-nested-backend/builds/build-2024-08-18-001","verb":"create","requestedCancellation":false,"apiVersion":"v1alpha"},"done":false}
[debug] [2024-08-18T02:45:50.339Z] [create-try-nested-us-central1-backend-dev-nested-backend-build-build-2024-08-18-001] Retrying task index 0
[debug] [2024-08-18T02:45:50.339Z] >>> [apiv2][query] GET https://firebaseapphosting.googleapis.com/v1alpha/projects/try-nested/locations/us-central1/operations/operation-1723949061992-61fec2b736f0e-f90fc919-6fcf7d7a [none]
[debug] [2024-08-18T02:45:50.533Z] <<< [apiv2][status] GET https://firebaseapphosting.googleapis.com/v1alpha/projects/try-nested/locations/us-central1/operations/operation-1723949061992-61fec2b736f0e-f90fc919-6fcf7d7a 200
[debug] [2024-08-18T02:45:50.533Z] <<< [apiv2][body] GET https://firebaseapphosting.googleapis.com/v1alpha/projects/try-nested/locations/us-central1/operations/operation-1723949061992-61fec2b736f0e-f90fc919-6fcf7d7a {"name":"projects/try-nested/locations/us-central1/operations/operation-1723949061992-61fec2b736f0e-f90fc919-6fcf7d7a","metadata":{"@type":"type.googleapis.com/google.firebase.apphosting.v1alpha.OperationMetadata","createTime":"2024-08-18T02:44:22.025816069Z","target":"projects/try-nested/locations/us-central1/backends/dev-nested-backend/builds/build-2024-08-18-001","verb":"create","requestedCancellation":false,"apiVersion":"v1alpha"},"done":false}
[debug] [2024-08-18T02:46:00.533Z] [create-try-nested-us-central1-backend-dev-nested-backend-build-build-2024-08-18-001] Retrying task index 0
[debug] [2024-08-18T02:46:00.533Z] >>> [apiv2][query] GET https://firebaseapphosting.googleapis.com/v1alpha/projects/try-nested/locations/us-central1/operations/operation-1723949061992-61fec2b736f0e-f90fc919-6fcf7d7a [none]
[debug] [2024-08-18T02:46:00.706Z] <<< [apiv2][status] GET https://firebaseapphosting.googleapis.com/v1alpha/projects/try-nested/locations/us-central1/operations/operation-1723949061992-61fec2b736f0e-f90fc919-6fcf7d7a 200
[debug] [2024-08-18T02:46:00.707Z] <<< [apiv2][body] GET https://firebaseapphosting.googleapis.com/v1alpha/projects/try-nested/locations/us-central1/operations/operation-1723949061992-61fec2b736f0e-f90fc919-6fcf7d7a {"name":"projects/try-nested/locations/us-central1/operations/operation-1723949061992-61fec2b736f0e-f90fc919-6fcf7d7a","metadata":{"@type":"type.googleapis.com/google.firebase.apphosting.v1alpha.OperationMetadata","createTime":"2024-08-18T02:44:22.025816069Z","target":"projects/try-nested/locations/us-central1/backends/dev-nested-backend/builds/build-2024-08-18-001","verb":"create","requestedCancellation":false,"apiVersion":"v1alpha"},"done":false}
[debug] [2024-08-18T02:46:10.708Z] [create-try-nested-us-central1-backend-dev-nested-backend-build-build-2024-08-18-001] Retrying task index 0
[debug] [2024-08-18T02:46:10.709Z] >>> [apiv2][query] GET https://firebaseapphosting.googleapis.com/v1alpha/projects/try-nested/locations/us-central1/operations/operation-1723949061992-61fec2b736f0e-f90fc919-6fcf7d7a [none]
[debug] [2024-08-18T02:46:10.880Z] <<< [apiv2][status] GET https://firebaseapphosting.googleapis.com/v1alpha/projects/try-nested/locations/us-central1/operations/operation-1723949061992-61fec2b736f0e-f90fc919-6fcf7d7a 200
[debug] [2024-08-18T02:46:10.881Z] <<< [apiv2][body] GET https://firebaseapphosting.googleapis.com/v1alpha/projects/try-nested/locations/us-central1/operations/operation-1723949061992-61fec2b736f0e-f90fc919-6fcf7d7a {"name":"projects/try-nested/locations/us-central1/operations/operation-1723949061992-61fec2b736f0e-f90fc919-6fcf7d7a","metadata":{"@type":"type.googleapis.com/google.firebase.apphosting.v1alpha.OperationMetadata","createTime":"2024-08-18T02:44:22.025816069Z","target":"projects/try-nested/locations/us-central1/backends/dev-nested-backend/builds/build-2024-08-18-001","verb":"create","requestedCancellation":false,"apiVersion":"v1alpha"},"done":false}
