[debug] [2024-08-18T21:14:25.688Z] ----------------------------------------------------------------------
[debug] [2024-08-18T21:14:25.691Z] Command:       /Users/HBN378/.nvm/versions/node/v20.15.0/bin/node /Users/HBN378/.nvm/versions/node/v20.15.0/bin/firebase emulators:start --import firebase-emulators --project=try-nested
[debug] [2024-08-18T21:14:25.691Z] CLI Version:   13.14.2
[debug] [2024-08-18T21:14:25.691Z] Platform:      darwin
[debug] [2024-08-18T21:14:25.691Z] Node Version:  v20.15.0
[debug] [2024-08-18T21:14:25.691Z] Time:          Sun Aug 18 2024 16:14:25 GMT-0500 (Central Daylight Time)
[debug] [2024-08-18T21:14:25.691Z] ----------------------------------------------------------------------
[debug] 
[debug] [2024-08-18T21:14:25.772Z] > command requires scopes: ["email","openid","https://www.googleapis.com/auth/cloudplatformprojects.readonly","https://www.googleapis.com/auth/firebase","https://www.googleapis.com/auth/cloud-platform"]
[debug] [2024-08-18T21:14:25.773Z] > authorizing via signed-in user (eeshamoona@gmail.com)
[debug] [2024-08-18T21:14:25.844Z] openjdk version "11.0.24" 2024-07-16
[debug] [2024-08-18T21:14:25.845Z] 
OpenJDK Runtime Environment Homebrew (build 11.0.24+0)
OpenJDK 64-Bit Server VM Homebrew (build 11.0.24+0, mixed mode)

[debug] [2024-08-18T21:14:25.848Z] Parsed Java major version: 11
[info] i  emulators: Starting emulators: auth, firestore, hosting {"metadata":{"emulator":{"name":"hub"},"message":"Starting emulators: auth, firestore, hosting"}}
[debug] [2024-08-18T21:14:27.182Z] [logging] Logging Emulator only supports listening on one address (127.0.0.1). Not listening on ::1
[debug] [2024-08-18T21:14:27.182Z] [auth] Authentication Emulator only supports listening on one address (127.0.0.1). Not listening on ::1
[debug] [2024-08-18T21:14:27.182Z] [firestore] Firestore Emulator only supports listening on one address (127.0.0.1). Not listening on ::1
[debug] [2024-08-18T21:14:27.182Z] [firestore.websocket] websocket server for firestore only supports listening on one address (127.0.0.1). Not listening on ::1
[debug] [2024-08-18T21:14:27.182Z] [hosting] Hosting Emulator only supports listening on one address (127.0.0.1). Not listening on ::1
[debug] [2024-08-18T21:14:27.182Z] assigned listening specs for emulators {"user":{"hub":[{"address":"127.0.0.1","family":"IPv4","port":4400},{"address":"::1","family":"IPv6","port":4400}],"ui":[{"address":"127.0.0.1","family":"IPv4","port":4000},{"address":"::1","family":"IPv6","port":4000}],"logging":[{"address":"127.0.0.1","family":"IPv4","port":4500}],"auth":[{"address":"127.0.0.1","family":"IPv4","port":9099}],"firestore":[{"address":"127.0.0.1","family":"IPv4","port":8080}],"firestore.websocket":[{"address":"127.0.0.1","family":"IPv4","port":9150}],"hosting":[{"address":"127.0.0.1","family":"IPv4","port":5000}]},"metadata":{"message":"assigned listening specs for emulators"}}
[debug] [2024-08-18T21:14:27.186Z] [hub] writing locator at /var/folders/78/jplrqkc16xd0024y8_ppk4y00000gp/T/hub-try-nested.json
[debug] [2024-08-18T21:14:27.196Z] >>> [apiv2][query] GET https://firebase.googleapis.com/v1beta1/projects/try-nested [none]
[debug] [2024-08-18T21:14:27.377Z] <<< [apiv2][status] GET https://firebase.googleapis.com/v1beta1/projects/try-nested 200
[debug] [2024-08-18T21:14:27.377Z] <<< [apiv2][body] GET https://firebase.googleapis.com/v1beta1/projects/try-nested {"projectId":"try-nested","projectNumber":"321604551303","displayName":"Nested","name":"projects/try-nested","resources":{"hostingSite":"try-nested","realtimeDatabaseInstance":"try-nested-default-rtdb","storageBucket":"try-nested.appspot.com","locationId":"us-central"},"state":"ACTIVE","etag":"1_32a2ba83-c55c-4157-ac42-447c72171de7"}
[debug] [2024-08-18T21:14:28.768Z] >>> [apiv2][query] GET https://firebasehosting.googleapis.com/v1beta1/projects/try-nested/sites pageToken=&pageSize=10
[debug] [2024-08-18T21:14:29.455Z] <<< [apiv2][status] GET https://firebasehosting.googleapis.com/v1beta1/projects/try-nested/sites 200
[debug] [2024-08-18T21:14:29.455Z] <<< [apiv2][body] GET https://firebasehosting.googleapis.com/v1beta1/projects/try-nested/sites {"sites":[{"name":"projects/try-nested/sites/try-nested","defaultUrl":"https://try-nested.web.app","appId":"1:321604551303:web:4eacf106bec3b9292dae22","type":"DEFAULT_SITE"}]}
[debug] [2024-08-18T21:14:29.456Z] >>> [apiv2][query] GET https://firebase.googleapis.com/v1beta1/projects/-/webApps/1:321604551303:web:4eacf106bec3b9292dae22/config [none]
[debug] [2024-08-18T21:14:29.741Z] <<< [apiv2][status] GET https://firebase.googleapis.com/v1beta1/projects/-/webApps/1:321604551303:web:4eacf106bec3b9292dae22/config 200
[debug] [2024-08-18T21:14:29.741Z] <<< [apiv2][body] GET https://firebase.googleapis.com/v1beta1/projects/-/webApps/1:321604551303:web:4eacf106bec3b9292dae22/config {"projectId":"try-nested","appId":"1:321604551303:web:4eacf106bec3b9292dae22","databaseURL":"https://try-nested-default-rtdb.firebaseio.com","storageBucket":"try-nested.appspot.com","locationId":"us-central","apiKey":"AIzaSyDw_9Ucxqc3CUjdLFev_tdDXnXeB7lfHHA","authDomain":"try-nested.firebaseapp.com","messagingSenderId":"321604551303","measurementId":"G-LFF4BEXFHE"}
[info] 
   Thank you for trying our early preview of Next.js support on Firebase Hosting.
   During the preview, support is best-effort and breaking changes can be expected. Proceed with caution.

   Documentation: https://firebase.google.com/docs/hosting/frameworks/nextjs
   File a bug: https://github.com/firebase/firebase-tools/issues/new?template=bug_report.md
   Submit a feature request: https://github.com/firebase/firebase-tools/issues/new?template=feature_request.md

   We'd love to learn from you. Express your interest in helping us shape the future of Firebase Hosting: https://goo.gle/41enW5X

[debug] [2024-08-18T21:14:38.487Z] [web frameworks] effective firebase.json:  {
  "hosting": [
    {
      "source": ".",
      "ignore": [
        "firebase.json",
        "**/.*",
        "**/node_modules/**"
      ],
      "frameworksBackend": {
        "region": "us-central1"
      },
      "site": "try-nested",
      "rewrites": [
        {
          "source": "**",
          "function": {
            "functionId": "ssrtrynested",
            "region": "us-central1",
            "pinTag": true
          }
        }
      ],
      "redirects": [],
      "headers": [
        {
          "source": "**/*.[jt]s",
          "headers": [
            {
              "key": "Set-Cookie",
              "value": "__FIREBASE_DEFAULTS__=eyJlbXVsYXRvckhvc3RzIjp7ImF1dGgiOiIxMjcuMC4wLjE6OTA5OSIsImZpcmVzdG9yZSI6IjEyNy4wLjAuMTo4MDgwIn0sImNvbmZpZyI6eyJwcm9qZWN0SWQiOiJ0cnktbmVzdGVkIiwiYXBwSWQiOiIxOjMyMTYwNDU1MTMwMzp3ZWI6NGVhY2YxMDZiZWMzYjkyOTJkYWUyMiIsImRhdGFiYXNlVVJMIjoiaHR0cHM6Ly90cnktbmVzdGVkLWRlZmF1bHQtcnRkYi5maXJlYmFzZWlvLmNvbSIsInN0b3JhZ2VCdWNrZXQiOiJ0cnktbmVzdGVkLmFwcHNwb3QuY29tIiwibG9jYXRpb25JZCI6InVzLWNlbnRyYWwiLCJhcGlLZXkiOiJBSXphU3lEd185VWN4cWMzQ1VqZExGZXZfdGREWG5YZUI3bGZISEEiLCJhdXRoRG9tYWluIjoidHJ5LW5lc3RlZC5maXJlYmFzZWFwcC5jb20iLCJtZXNzYWdpbmdTZW5kZXJJZCI6IjMyMTYwNDU1MTMwMyIsIm1lYXN1cmVtZW50SWQiOiJHLUxGRjRCRVhGSEUifSwiX2F1dGhUb2tlblN5bmNVUkwiOiIvX19zZXNzaW9uIn0; SameSite=Strict; Expires=2026-07-14T07:54:38.487Z; Path=/;"
            }
          ]
        }
      ],
      "cleanUrls": true,
      "public": ".firebase/try-nested/hosting",
      "webFramework": "next_ssr"
    }
  ],
  "functions": [
    {
      "source": ".firebase/try-nested/functions",
      "codebase": "firebase-frameworks-try-nested"
    }
  ]
}
[debug] [2024-08-18T21:14:38.957Z] [functions] Functions Emulator only supports listening on one address (127.0.0.1). Not listening on ::1
[debug] [2024-08-18T21:14:38.957Z] [eventarc] Eventarc Emulator only supports listening on one address (127.0.0.1). Not listening on ::1
[debug] [2024-08-18T21:14:38.957Z] late-assigned ports for functions and eventarc emulators {"user":{"hub":[{"address":"127.0.0.1","family":"IPv4","port":4400},{"address":"::1","family":"IPv6","port":4400}],"ui":[{"address":"127.0.0.1","family":"IPv4","port":4000},{"address":"::1","family":"IPv6","port":4000}],"logging":[{"address":"127.0.0.1","family":"IPv4","port":4500}],"auth":[{"address":"127.0.0.1","family":"IPv4","port":9099}],"firestore":[{"address":"127.0.0.1","family":"IPv4","port":8080}],"firestore.websocket":[{"address":"127.0.0.1","family":"IPv4","port":9150}],"hosting":[{"address":"127.0.0.1","family":"IPv4","port":5000}],"functions":[{"address":"127.0.0.1","family":"IPv4","port":5001}],"eventarc":[{"address":"127.0.0.1","family":"IPv4","port":9299}]},"metadata":{"message":"late-assigned ports for functions and eventarc emulators"}}
[warn] ⚠  functions: The following emulators are not running, calls to these services from the Functions emulator will affect production: database, pubsub, storage, dataconnect {"metadata":{"emulator":{"name":"functions"},"message":"The following emulators are not running, calls to these services from the Functions emulator will affect production: \u001b[1mdatabase, pubsub, storage, dataconnect\u001b[22m"}}
[warn] ⚠  functions: Your GOOGLE_APPLICATION_CREDENTIALS environment variable points to /Users/HBN378/Downloads/service-account-key.json. Non-emulated services will access production using these credentials. Be careful! {"metadata":{"emulator":{"name":"functions"},"message":"Your GOOGLE_APPLICATION_CREDENTIALS environment variable points to /Users/HBN378/Downloads/service-account-key.json. Non-emulated services will access production using these credentials. Be careful!"}}
[debug] [2024-08-18T21:14:38.963Z] >>> [apiv2][query] GET https://firebase.googleapis.com/v1beta1/projects/try-nested/adminSdkConfig [none]
[debug] [2024-08-18T21:14:39.260Z] <<< [apiv2][status] GET https://firebase.googleapis.com/v1beta1/projects/try-nested/adminSdkConfig 200
[debug] [2024-08-18T21:14:39.266Z] <<< [apiv2][body] GET https://firebase.googleapis.com/v1beta1/projects/try-nested/adminSdkConfig {"projectId":"try-nested","databaseURL":"https://try-nested-default-rtdb.firebaseio.com","storageBucket":"try-nested.appspot.com","locationId":"us-central"}
[info] i  firestore: Importing data from /Users/HBN378/Documents/PersonalProjects/Nest-Builder/firebase-emulators/firestore_export/firestore_export.overall_export_metadata {"metadata":{"emulator":{"name":"firestore"},"message":"Importing data from /Users/HBN378/Documents/PersonalProjects/Nest-Builder/firebase-emulators/firestore_export/firestore_export.overall_export_metadata"}}
[debug] [2024-08-18T21:14:39.309Z] Ignoring unsupported arg: auto_download {"metadata":{"emulator":{"name":"firestore"},"message":"Ignoring unsupported arg: auto_download"}}
[debug] [2024-08-18T21:14:39.309Z] Starting Firestore Emulator with command {"binary":"java","args":["-Dgoogle.cloud_firestore.debug_log_level=FINE","-Duser.language=en","-jar","/Users/HBN378/.cache/firebase/emulators/cloud-firestore-emulator-v1.19.7.jar","--host","127.0.0.1","--port",8080,"--websocket_port",9150,"--project_id","try-nested","--seed_from_export","/Users/HBN378/Documents/PersonalProjects/Nest-Builder/firebase-emulators/firestore_export/firestore_export.overall_export_metadata","--rules","/Users/HBN378/Documents/PersonalProjects/Nest-Builder/firestore.rules","--functions_emulator","127.0.0.1:5001"],"optionalArgs":["port","webchannel_port","host","rules","websocket_port","functions_emulator","seed_from_export","project_id","single_project_mode"],"joinArgs":false,"shell":false} {"metadata":{"emulator":{"name":"firestore"},"message":"Starting Firestore Emulator with command {\"binary\":\"java\",\"args\":[\"-Dgoogle.cloud_firestore.debug_log_level=FINE\",\"-Duser.language=en\",\"-jar\",\"/Users/HBN378/.cache/firebase/emulators/cloud-firestore-emulator-v1.19.7.jar\",\"--host\",\"127.0.0.1\",\"--port\",8080,\"--websocket_port\",9150,\"--project_id\",\"try-nested\",\"--seed_from_export\",\"/Users/HBN378/Documents/PersonalProjects/Nest-Builder/firebase-emulators/firestore_export/firestore_export.overall_export_metadata\",\"--rules\",\"/Users/HBN378/Documents/PersonalProjects/Nest-Builder/firestore.rules\",\"--functions_emulator\",\"127.0.0.1:5001\"],\"optionalArgs\":[\"port\",\"webchannel_port\",\"host\",\"rules\",\"websocket_port\",\"functions_emulator\",\"seed_from_export\",\"project_id\",\"single_project_mode\"],\"joinArgs\":false,\"shell\":false}"}}
[info] i  firestore: Firestore Emulator logging to firestore-debug.log {"metadata":{"emulator":{"name":"firestore"},"message":"Firestore Emulator logging to \u001b[1mfirestore-debug.log\u001b[22m"}}
[debug] [2024-08-18T21:14:40.410Z] Aug 18, 2024 4:14:40 PM com.google.cloud.datastore.emulator.firestore.websocket.WebSocketServer start
INFO: Started WebSocket server on ws://127.0.0.1:9150
 {"metadata":{"emulator":{"name":"firestore"},"message":"Aug 18, 2024 4:14:40 PM com.google.cloud.datastore.emulator.firestore.websocket.WebSocketServer start\nINFO: Started WebSocket server on ws://127.0.0.1:9150\n"}}
[debug] [2024-08-18T21:14:40.428Z] API endpoint: http:// {"metadata":{"emulator":{"name":"firestore"},"message":"API endpoint: http://"}}
[debug] [2024-08-18T21:14:40.428Z] 127.0.0.1:8080
If you are using a library that supports the FIRESTORE_EMULATOR_HOST environment variable, run:

   export FIRESTORE_EMULATOR_HOST=127.0.0.1:8080

If you are running a Firestore in Datastore Mode project, run:

   export DATASTORE_EMULATOR_HOST=127.0.0.1:8080

Note: Support for Datastore Mode is in preview. If you encounter any bugs please file at https://github.com/firebase/firebase-tools/issues.
Dev App Server is now running.

 {"metadata":{"emulator":{"name":"firestore"},"message":"127.0.0.1:8080\nIf you are using a library that supports the FIRESTORE_EMULATOR_HOST environment variable, run:\n\n   export FIRESTORE_EMULATOR_HOST=127.0.0.1:8080\n\nIf you are running a Firestore in Datastore Mode project, run:\n\n   export DATASTORE_EMULATOR_HOST=127.0.0.1:8080\n\nNote: Support for Datastore Mode is in preview. If you encounter any bugs please file at https://github.com/firebase/firebase-tools/issues.\nDev App Server is now running.\n\n"}}
[info] ✔  firestore: Firestore Emulator UI websocket is running on 9150. {"metadata":{"emulator":{"name":"firestore"},"message":"Firestore Emulator UI websocket is running on 9150."}}
[info] i  auth: Importing config from /Users/HBN378/Documents/PersonalProjects/Nest-Builder/firebase-emulators/auth_export/config.json {"metadata":{"emulator":{"name":"auth"},"message":"Importing config from /Users/HBN378/Documents/PersonalProjects/Nest-Builder/firebase-emulators/auth_export/config.json"}}
[info] i  auth: Importing accounts from /Users/HBN378/Documents/PersonalProjects/Nest-Builder/firebase-emulators/auth_export/accounts.json {"metadata":{"emulator":{"name":"auth"},"message":"Importing accounts from /Users/HBN378/Documents/PersonalProjects/Nest-Builder/firebase-emulators/auth_export/accounts.json"}}
[debug] [2024-08-18T21:14:44.463Z] >>> [apiv2][query] GET https://firebasehosting.googleapis.com/v1beta1/projects/try-nested/sites 
[debug] [2024-08-18T21:14:45.149Z] <<< [apiv2][status] GET https://firebasehosting.googleapis.com/v1beta1/projects/try-nested/sites 200
[debug] [2024-08-18T21:14:45.149Z] <<< [apiv2][body] GET https://firebasehosting.googleapis.com/v1beta1/projects/try-nested/sites {"sites":[{"name":"projects/try-nested/sites/try-nested","defaultUrl":"https://try-nested.web.app","appId":"1:321604551303:web:4eacf106bec3b9292dae22","type":"DEFAULT_SITE"}]}
[debug] [2024-08-18T21:14:45.150Z] >>> [apiv2][query] GET https://firebase.googleapis.com/v1beta1/projects/try-nested/webApps/1:321604551303:web:4eacf106bec3b9292dae22/config [none]
[debug] [2024-08-18T21:14:45.385Z] <<< [apiv2][status] GET https://firebase.googleapis.com/v1beta1/projects/try-nested/webApps/1:321604551303:web:4eacf106bec3b9292dae22/config 200
[debug] [2024-08-18T21:14:45.385Z] <<< [apiv2][body] GET https://firebase.googleapis.com/v1beta1/projects/try-nested/webApps/1:321604551303:web:4eacf106bec3b9292dae22/config {"projectId":"try-nested","appId":"1:321604551303:web:4eacf106bec3b9292dae22","databaseURL":"https://try-nested-default-rtdb.firebaseio.com","storageBucket":"try-nested.appspot.com","locationId":"us-central","apiKey":"AIzaSyDw_9Ucxqc3CUjdLFev_tdDXnXeB7lfHHA","authDomain":"try-nested.firebaseapp.com","messagingSenderId":"321604551303","measurementId":"G-LFF4BEXFHE"}
[info] i  hosting[try-nested]: Serving hosting files from: .firebase/try-nested/hosting {"metadata":{"emulator":{"name":"hosting"},"message":"Serving hosting files from: \u001b[1m.firebase/try-nested/hosting\u001b[22m"}}
[info] ✔  hosting[try-nested]: Local server: http://127.0.0.1:5000 {"metadata":{"emulator":{"name":"hosting"},"message":"Local server: \u001b[4m\u001b[1mhttp://127.0.0.1:5000\u001b[22m\u001b[24m"}}
[debug] [2024-08-18T21:14:45.587Z] Ignoring unsupported arg: auto_download {"metadata":{"emulator":{"name":"ui"},"message":"Ignoring unsupported arg: auto_download"}}
[debug] [2024-08-18T21:14:45.587Z] Ignoring unsupported arg: port {"metadata":{"emulator":{"name":"ui"},"message":"Ignoring unsupported arg: port"}}
[debug] [2024-08-18T21:14:45.587Z] Starting Emulator UI with command {"binary":"node","args":["/Users/HBN378/.cache/firebase/emulators/ui-v1.13.0/server/server.mjs"],"optionalArgs":[],"joinArgs":false,"shell":false} {"metadata":{"emulator":{"name":"ui"},"message":"Starting Emulator UI with command {\"binary\":\"node\",\"args\":[\"/Users/HBN378/.cache/firebase/emulators/ui-v1.13.0/server/server.mjs\"],\"optionalArgs\":[],\"joinArgs\":false,\"shell\":false}"}}
[info] i  ui: Emulator UI logging to ui-debug.log {"metadata":{"emulator":{"name":"ui"},"message":"Emulator UI logging to \u001b[1mui-debug.log\u001b[22m"}}
[debug] [2024-08-18T21:14:45.692Z] Web / API server started at 127.0.0.1:4000
 {"metadata":{"emulator":{"name":"ui"},"message":"Web / API server started at 127.0.0.1:4000\n"}}
[debug] [2024-08-18T21:14:45.692Z] Web / API server started at ::1:4000
 {"metadata":{"emulator":{"name":"ui"},"message":"Web / API server started at ::1:4000\n"}}
[info] i  functions: Watching "/Users/HBN378/Documents/PersonalProjects/Nest-Builder/.firebase/try-nested/functions" for Cloud Functions... {"metadata":{"emulator":{"name":"functions"},"message":"Watching \"/Users/HBN378/Documents/PersonalProjects/Nest-Builder/.firebase/try-nested/functions\" for Cloud Functions..."}}
[debug] [2024-08-18T21:14:45.793Z] Validating nodejs source
[warn] ⚠  functions: package.json indicates an outdated version of firebase-functions. Please upgrade using npm install --save firebase-functions@latest in your functions directory. 
[warn] ⚠  functions: Please note that there will be breaking changes when you upgrade. 
[debug] [2024-08-18T21:14:46.318Z] > [functions] package.json contents: {
  "main": "server.js",
  "dependencies": {
    "firebase-frameworks": "^0.11.0",
    "firebase-functions": "^4.5.0",
    "firebase-admin": "^11.11.1"
  },
  "engines": {
    "node": "20"
  }
}
[debug] [2024-08-18T21:14:46.318Z] Building nodejs source
[debug] [2024-08-18T21:14:46.318Z] Failed to find version of module node: reached end of search path /Users/HBN378/Documents/PersonalProjects/Nest-Builder/.firebase/try-nested/functions/node_modules
[info] ✔  functions: Using node@20 from host. 
[info] i  functions: Loaded environment variables from .env, .env.local. 
[debug] [2024-08-18T21:14:46.321Z] Could not find functions.yaml. Must use http discovery
[debug] [2024-08-18T21:14:46.325Z] Found firebase-functions binary at '/Users/HBN378/Documents/PersonalProjects/Nest-Builder/.firebase/try-nested/functions/node_modules/.bin/firebase-functions'
[info] Serving at port 8424

[debug] [2024-08-18T21:14:46.630Z] Got response from /__/functions.yaml {"endpoints":{"ssrtrynested":{"availableMemoryMb":null,"timeoutSeconds":null,"minInstances":null,"maxInstances":null,"ingressSettings":null,"concurrency":null,"serviceAccountEmail":null,"vpc":null,"platform":"gcfv2","region":["us-central1"],"labels":{},"httpsTrigger":{},"entryPoint":"ssrtrynested"}},"specVersion":"v1alpha1","requiredAPIs":[]}
[info] ✔  functions: Loaded functions definitions from source: ssrtrynested. {"metadata":{"emulator":{"name":"functions"},"message":"Loaded functions definitions from source: ssrtrynested."}}
[info] ✔  functions[us-central1-ssrtrynested]: http function initialized (http://127.0.0.1:5001/try-nested/us-central1/ssrtrynested). {"metadata":{"emulator":{"name":"functions"},"message":"\u001b[1mhttp\u001b[22m function initialized (http://127.0.0.1:5001/try-nested/us-central1/ssrtrynested)."}}
[info] 
┌─────────────────────────────────────────────────────────────┐
│ ✔  All emulators ready! It is now safe to connect your app. │
│ i  View Emulator UI at http://127.0.0.1:4000/               │
└─────────────────────────────────────────────────────────────┘

┌────────────────┬────────────────┬─────────────────────────────────┐
│ Emulator       │ Host:Port      │ View in Emulator UI             │
├────────────────┼────────────────┼─────────────────────────────────┤
│ Authentication │ 127.0.0.1:9099 │ http://127.0.0.1:4000/auth      │
├────────────────┼────────────────┼─────────────────────────────────┤
│ Functions      │ 127.0.0.1:5001 │ http://127.0.0.1:4000/functions │
├────────────────┼────────────────┼─────────────────────────────────┤
│ Firestore      │ 127.0.0.1:8080 │ http://127.0.0.1:4000/firestore │
├────────────────┼────────────────┼─────────────────────────────────┤
│ Hosting        │ 127.0.0.1:5000 │ n/a                             │
└────────────────┴────────────────┴─────────────────────────────────┘
  Emulator Hub running at 127.0.0.1:4400
  Other reserved ports: 4500, 9150

Issues? Report them at https://github.com/firebase/firebase-tools/issues and attach the *-debug.log files.
 
[debug] [2024-08-18T21:17:13.300Z] Aug 18, 2024 4:17:13 PM io.gapi.emulators.netty.HttpVersionRoutingHandler channelRead
INFO: Detected non-HTTP/2 connection.
 {"metadata":{"emulator":{"name":"firestore"},"message":"Aug 18, 2024 4:17:13 PM io.gapi.emulators.netty.HttpVersionRoutingHandler channelRead\nINFO: Detected non-HTTP/2 connection.\n"}}
[debug] [2024-08-18T21:17:13.995Z] Aug 18, 2024 4:17:13 PM io.gapi.emulators.netty.HttpVersionRoutingHandler channelRead
INFO: Detected non-HTTP/2 connection.
 {"metadata":{"emulator":{"name":"firestore"},"message":"Aug 18, 2024 4:17:13 PM io.gapi.emulators.netty.HttpVersionRoutingHandler channelRead\nINFO: Detected non-HTTP/2 connection.\n"}}
[debug] [2024-08-18T21:17:14.011Z] Aug 18, 2024 4:17:14 PM io.gapi.emulators.netty.HttpVersionRoutingHandler channelRead
INFO: Detected non-HTTP/2 connection.
 {"metadata":{"emulator":{"name":"firestore"},"message":"Aug 18, 2024 4:17:14 PM io.gapi.emulators.netty.HttpVersionRoutingHandler channelRead\nINFO: Detected non-HTTP/2 connection.\n"}}
[debug] [2024-08-18T21:17:14.050Z] Aug 18, 2024 4:17:14 PM io.gapi.emulators.netty.HttpVersionRoutingHandler channelRead
INFO: Detected non-HTTP/2 connection.
 {"metadata":{"emulator":{"name":"firestore"},"message":"Aug 18, 2024 4:17:14 PM io.gapi.emulators.netty.HttpVersionRoutingHandler channelRead\nINFO: Detected non-HTTP/2 connection.\n"}}
[debug] [2024-08-18T21:17:38.452Z] Aug 18, 2024 4:17:38 PM io.gapi.emulators.netty.HttpVersionRoutingHandler channelRead
INFO: Detected non-HTTP/2 connection.
 {"metadata":{"emulator":{"name":"firestore"},"message":"Aug 18, 2024 4:17:38 PM io.gapi.emulators.netty.HttpVersionRoutingHandler channelRead\nINFO: Detected non-HTTP/2 connection.\n"}}
[debug] [2024-08-18T21:17:38.479Z] Aug 18, 2024 4:17:38 PM io.gapi.emulators.netty.HttpVersionRoutingHandler channelRead
INFO: Detected non-HTTP/2 connection.
 {"metadata":{"emulator":{"name":"firestore"},"message":"Aug 18, 2024 4:17:38 PM io.gapi.emulators.netty.HttpVersionRoutingHandler channelRead\nINFO: Detected non-HTTP/2 connection.\n"}}
[debug] [2024-08-18T21:17:38.491Z] Aug 18, 2024 4:17:38 PM io.gapi.emulators.netty.HttpVersionRoutingHandler channelRead
INFO: Detected non-HTTP/2 connection.
 {"metadata":{"emulator":{"name":"firestore"},"message":"Aug 18, 2024 4:17:38 PM io.gapi.emulators.netty.HttpVersionRoutingHandler channelRead\nINFO: Detected non-HTTP/2 connection.\n"}}
[debug] [2024-08-18T21:17:38.532Z] Aug 18, 2024 4:17:38 PM io.gapi.emulators.netty.HttpVersionRoutingHandler channelRead
INFO: Detected non-HTTP/2 connection.
 {"metadata":{"emulator":{"name":"firestore"},"message":"Aug 18, 2024 4:17:38 PM io.gapi.emulators.netty.HttpVersionRoutingHandler channelRead\nINFO: Detected non-HTTP/2 connection.\n"}}
[debug] [2024-08-18T21:18:39.378Z] Aug 18, 2024 4:18:39 PM io.gapi.emulators.netty.HttpVersionRoutingHandler channelRead
INFO: Detected non-HTTP/2 connection.
 {"metadata":{"emulator":{"name":"firestore"},"message":"Aug 18, 2024 4:18:39 PM io.gapi.emulators.netty.HttpVersionRoutingHandler channelRead\nINFO: Detected non-HTTP/2 connection.\n"}}
[debug] [2024-08-18T21:18:39.384Z] Aug 18, 2024 4:18:39 PM com.google.cloud.datastore.emulator.firestore.webchannel.FirestoreV1WebChannelAdapter$FirestoreListenHandler onClose
INFO: channel closed
 {"metadata":{"emulator":{"name":"firestore"},"message":"Aug 18, 2024 4:18:39 PM com.google.cloud.datastore.emulator.firestore.webchannel.FirestoreV1WebChannelAdapter$FirestoreListenHandler onClose\nINFO: channel closed\n"}}
[debug] [2024-08-18T21:20:42.204Z] Aug 18, 2024 4:20:42 PM io.gapi.emulators.netty.HttpVersionRoutingHandler channelRead
INFO: Detected non-HTTP/2 connection.
 {"metadata":{"emulator":{"name":"firestore"},"message":"Aug 18, 2024 4:20:42 PM io.gapi.emulators.netty.HttpVersionRoutingHandler channelRead\nINFO: Detected non-HTTP/2 connection.\n"}}
[debug] [2024-08-18T21:20:42.276Z] Aug 18, 2024 4:20:42 PM io.gapi.emulators.netty.HttpVersionRoutingHandler channelRead
INFO: Detected non-HTTP/2 connection.
 {"metadata":{"emulator":{"name":"firestore"},"message":"Aug 18, 2024 4:20:42 PM io.gapi.emulators.netty.HttpVersionRoutingHandler channelRead\nINFO: Detected non-HTTP/2 connection.\n"}}
[debug] [2024-08-18T21:20:42.286Z] Aug 18, 2024 4:20:42 PM io.gapi.emulators.netty.HttpVersionRoutingHandler channelRead
INFO: Detected non-HTTP/2 connection.
 {"metadata":{"emulator":{"name":"firestore"},"message":"Aug 18, 2024 4:20:42 PM io.gapi.emulators.netty.HttpVersionRoutingHandler channelRead\nINFO: Detected non-HTTP/2 connection.\n"}}
[debug] [2024-08-18T21:20:42.430Z] Aug 18, 2024 4:20:42 PM io.gapi.emulators.netty.HttpVersionRoutingHandler channelRead
INFO: Detected non-HTTP/2 connection.
 {"metadata":{"emulator":{"name":"firestore"},"message":"Aug 18, 2024 4:20:42 PM io.gapi.emulators.netty.HttpVersionRoutingHandler channelRead\nINFO: Detected non-HTTP/2 connection.\n"}}
[debug] [2024-08-18T21:20:47.995Z] Aug 18, 2024 4:20:47 PM io.gapi.emulators.netty.HttpVersionRoutingHandler channelRead
INFO: Detected non-HTTP/2 connection.
 {"metadata":{"emulator":{"name":"firestore"},"message":"Aug 18, 2024 4:20:47 PM io.gapi.emulators.netty.HttpVersionRoutingHandler channelRead\nINFO: Detected non-HTTP/2 connection.\n"}}
[debug] [2024-08-18T21:20:53.663Z] Aug 18, 2024 4:20:53 PM io.gapi.emulators.netty.HttpVersionRoutingHandler channelRead
INFO: Detected non-HTTP/2 connection.
 {"metadata":{"emulator":{"name":"firestore"},"message":"Aug 18, 2024 4:20:53 PM io.gapi.emulators.netty.HttpVersionRoutingHandler channelRead\nINFO: Detected non-HTTP/2 connection.\n"}}
[debug] [2024-08-18T21:20:53.685Z] Aug 18, 2024 4:20:53 PM io.gapi.emulators.netty.HttpVersionRoutingHandler channelRead
INFO: Detected non-HTTP/2 connection.
 {"metadata":{"emulator":{"name":"firestore"},"message":"Aug 18, 2024 4:20:53 PM io.gapi.emulators.netty.HttpVersionRoutingHandler channelRead\nINFO: Detected non-HTTP/2 connection.\n"}}
[debug] [2024-08-18T21:20:53.695Z] Aug 18, 2024 4:20:53 PM io.gapi.emulators.netty.HttpVersionRoutingHandler channelRead
INFO: Detected non-HTTP/2 connection.
 {"metadata":{"emulator":{"name":"firestore"},"message":"Aug 18, 2024 4:20:53 PM io.gapi.emulators.netty.HttpVersionRoutingHandler channelRead\nINFO: Detected non-HTTP/2 connection.\n"}}
[debug] [2024-08-18T21:20:53.746Z] Aug 18, 2024 4:20:53 PM io.gapi.emulators.netty.HttpVersionRoutingHandler channelRead
INFO: Detected non-HTTP/2 connection.
 {"metadata":{"emulator":{"name":"firestore"},"message":"Aug 18, 2024 4:20:53 PM io.gapi.emulators.netty.HttpVersionRoutingHandler channelRead\nINFO: Detected non-HTTP/2 connection.\n"}}
[debug] [2024-08-18T21:21:53.765Z] Aug 18, 2024 4:21:53 PM io.gapi.emulators.netty.HttpVersionRoutingHandler channelRead
INFO: Detected non-HTTP/2 connection.
 {"metadata":{"emulator":{"name":"firestore"},"message":"Aug 18, 2024 4:21:53 PM io.gapi.emulators.netty.HttpVersionRoutingHandler channelRead\nINFO: Detected non-HTTP/2 connection.\n"}}
[debug] [2024-08-18T21:21:54.368Z] Aug 18, 2024 4:21:54 PM io.gapi.emulators.netty.HttpVersionRoutingHandler channelRead
INFO: Detected non-HTTP/2 connection.
 {"metadata":{"emulator":{"name":"firestore"},"message":"Aug 18, 2024 4:21:54 PM io.gapi.emulators.netty.HttpVersionRoutingHandler channelRead\nINFO: Detected non-HTTP/2 connection.\n"}}
[debug] [2024-08-18T21:21:54.373Z] Aug 18, 2024 4:21:54 PM com.google.cloud.datastore.emulator.firestore.webchannel.FirestoreV1WebChannelAdapter$FirestoreListenHandler onClose
INFO: channel closed
 {"metadata":{"emulator":{"name":"firestore"},"message":"Aug 18, 2024 4:21:54 PM com.google.cloud.datastore.emulator.firestore.webchannel.FirestoreV1WebChannelAdapter$FirestoreListenHandler onClose\nINFO: channel closed\n"}}
[debug] [2024-08-18T21:26:24.934Z] Aug 18, 2024 4:26:24 PM io.gapi.emulators.netty.HttpVersionRoutingHandler channelRead
INFO: Detected non-HTTP/2 connection.
 {"metadata":{"emulator":{"name":"firestore"},"message":"Aug 18, 2024 4:26:24 PM io.gapi.emulators.netty.HttpVersionRoutingHandler channelRead\nINFO: Detected non-HTTP/2 connection.\n"}}
[debug] [2024-08-18T21:26:24.960Z] Aug 18, 2024 4:26:24 PM io.gapi.emulators.netty.HttpVersionRoutingHandler channelRead
INFO: Detected non-HTTP/2 connection.
 {"metadata":{"emulator":{"name":"firestore"},"message":"Aug 18, 2024 4:26:24 PM io.gapi.emulators.netty.HttpVersionRoutingHandler channelRead\nINFO: Detected non-HTTP/2 connection.\n"}}
[debug] [2024-08-18T21:26:24.980Z] Aug 18, 2024 4:26:24 PM io.gapi.emulators.netty.HttpVersionRoutingHandler channelRead
INFO: Detected non-HTTP/2 connection.
 {"metadata":{"emulator":{"name":"firestore"},"message":"Aug 18, 2024 4:26:24 PM io.gapi.emulators.netty.HttpVersionRoutingHandler channelRead\nINFO: Detected non-HTTP/2 connection.\n"}}
[debug] [2024-08-18T21:26:25.012Z] Aug 18, 2024 4:26:25 PM io.gapi.emulators.netty.HttpVersionRoutingHandler channelRead
INFO: Detected non-HTTP/2 connection.
 {"metadata":{"emulator":{"name":"firestore"},"message":"Aug 18, 2024 4:26:25 PM io.gapi.emulators.netty.HttpVersionRoutingHandler channelRead\nINFO: Detected non-HTTP/2 connection.\n"}}
[debug] [2024-08-18T21:27:25.040Z] Aug 18, 2024 4:27:25 PM io.gapi.emulators.netty.HttpVersionRoutingHandler channelRead
INFO: Detected non-HTTP/2 connection.
 {"metadata":{"emulator":{"name":"firestore"},"message":"Aug 18, 2024 4:27:25 PM io.gapi.emulators.netty.HttpVersionRoutingHandler channelRead\nINFO: Detected non-HTTP/2 connection.\n"}}
[debug] [2024-08-18T21:27:25.373Z] Aug 18, 2024 4:27:25 PM io.gapi.emulators.netty.HttpVersionRoutingHandler channelRead
INFO: Detected non-HTTP/2 connection.
 {"metadata":{"emulator":{"name":"firestore"},"message":"Aug 18, 2024 4:27:25 PM io.gapi.emulators.netty.HttpVersionRoutingHandler channelRead\nINFO: Detected non-HTTP/2 connection.\n"}}
[debug] [2024-08-18T21:27:25.380Z] Aug 18, 2024 4:27:25 PM com.google.cloud.datastore.emulator.firestore.webchannel.FirestoreV1WebChannelAdapter$FirestoreListenHandler onClose
INFO: channel closed
 {"metadata":{"emulator":{"name":"firestore"},"message":"Aug 18, 2024 4:27:25 PM com.google.cloud.datastore.emulator.firestore.webchannel.FirestoreV1WebChannelAdapter$FirestoreListenHandler onClose\nINFO: channel closed\n"}}
[debug] [2024-08-18T21:28:50.842Z] Aug 18, 2024 4:28:50 PM io.gapi.emulators.netty.HttpVersionRoutingHandler channelRead
INFO: Detected non-HTTP/2 connection.
 {"metadata":{"emulator":{"name":"firestore"},"message":"Aug 18, 2024 4:28:50 PM io.gapi.emulators.netty.HttpVersionRoutingHandler channelRead\nINFO: Detected non-HTTP/2 connection.\n"}}
[debug] [2024-08-18T21:28:50.872Z] Aug 18, 2024 4:28:50 PM io.gapi.emulators.netty.HttpVersionRoutingHandler channelRead
INFO: Detected non-HTTP/2 connection.
 {"metadata":{"emulator":{"name":"firestore"},"message":"Aug 18, 2024 4:28:50 PM io.gapi.emulators.netty.HttpVersionRoutingHandler channelRead\nINFO: Detected non-HTTP/2 connection.\n"}}
[debug] [2024-08-18T21:28:50.883Z] Aug 18, 2024 4:28:50 PM io.gapi.emulators.netty.HttpVersionRoutingHandler channelRead
INFO: Detected non-HTTP/2 connection.
 {"metadata":{"emulator":{"name":"firestore"},"message":"Aug 18, 2024 4:28:50 PM io.gapi.emulators.netty.HttpVersionRoutingHandler channelRead\nINFO: Detected non-HTTP/2 connection.\n"}}
[debug] [2024-08-18T21:28:51.006Z] Aug 18, 2024 4:28:51 PM io.gapi.emulators.netty.HttpVersionRoutingHandler channelRead
INFO: Detected non-HTTP/2 connection.
 {"metadata":{"emulator":{"name":"firestore"},"message":"Aug 18, 2024 4:28:51 PM io.gapi.emulators.netty.HttpVersionRoutingHandler channelRead\nINFO: Detected non-HTTP/2 connection.\n"}}
[debug] [2024-08-18T21:29:51.374Z] Aug 18, 2024 4:29:51 PM io.gapi.emulators.netty.HttpVersionRoutingHandler channelRead
INFO: Detected non-HTTP/2 connection.
 {"metadata":{"emulator":{"name":"firestore"},"message":"Aug 18, 2024 4:29:51 PM io.gapi.emulators.netty.HttpVersionRoutingHandler channelRead\nINFO: Detected non-HTTP/2 connection.\n"}}
[debug] [2024-08-18T21:29:51.381Z] Aug 18, 2024 4:29:51 PM com.google.cloud.datastore.emulator.firestore.webchannel.FirestoreV1WebChannelAdapter$FirestoreListenHandler onClose
INFO: channel closed
 {"metadata":{"emulator":{"name":"firestore"},"message":"Aug 18, 2024 4:29:51 PM com.google.cloud.datastore.emulator.firestore.webchannel.FirestoreV1WebChannelAdapter$FirestoreListenHandler onClose\nINFO: channel closed\n"}}
[debug] [2024-08-18T21:34:01.566Z] Aug 18, 2024 4:34:01 PM io.gapi.emulators.netty.HttpVersionRoutingHandler channelRead
INFO: Detected non-HTTP/2 connection.
 {"metadata":{"emulator":{"name":"firestore"},"message":"Aug 18, 2024 4:34:01 PM io.gapi.emulators.netty.HttpVersionRoutingHandler channelRead\nINFO: Detected non-HTTP/2 connection.\n"}}
[debug] [2024-08-18T21:34:01.589Z] Aug 18, 2024 4:34:01 PM io.gapi.emulators.netty.HttpVersionRoutingHandler channelRead
INFO: Detected non-HTTP/2 connection.
 {"metadata":{"emulator":{"name":"firestore"},"message":"Aug 18, 2024 4:34:01 PM io.gapi.emulators.netty.HttpVersionRoutingHandler channelRead\nINFO: Detected non-HTTP/2 connection.\n"}}
[debug] [2024-08-18T21:34:01.599Z] Aug 18, 2024 4:34:01 PM io.gapi.emulators.netty.HttpVersionRoutingHandler channelRead
INFO: Detected non-HTTP/2 connection.
 {"metadata":{"emulator":{"name":"firestore"},"message":"Aug 18, 2024 4:34:01 PM io.gapi.emulators.netty.HttpVersionRoutingHandler channelRead\nINFO: Detected non-HTTP/2 connection.\n"}}
[debug] [2024-08-18T21:34:01.660Z] Aug 18, 2024 4:34:01 PM io.gapi.emulators.netty.HttpVersionRoutingHandler channelRead
INFO: Detected non-HTTP/2 connection.
 {"metadata":{"emulator":{"name":"firestore"},"message":"Aug 18, 2024 4:34:01 PM io.gapi.emulators.netty.HttpVersionRoutingHandler channelRead\nINFO: Detected non-HTTP/2 connection.\n"}}
[debug] [2024-08-18T21:35:01.699Z] Aug 18, 2024 4:35:01 PM io.gapi.emulators.netty.HttpVersionRoutingHandler channelRead
INFO: Detected non-HTTP/2 connection.
 {"metadata":{"emulator":{"name":"firestore"},"message":"Aug 18, 2024 4:35:01 PM io.gapi.emulators.netty.HttpVersionRoutingHandler channelRead\nINFO: Detected non-HTTP/2 connection.\n"}}
[debug] [2024-08-18T21:35:02.377Z] Aug 18, 2024 4:35:02 PM io.gapi.emulators.netty.HttpVersionRoutingHandler channelRead
INFO: Detected non-HTTP/2 connection.
 {"metadata":{"emulator":{"name":"firestore"},"message":"Aug 18, 2024 4:35:02 PM io.gapi.emulators.netty.HttpVersionRoutingHandler channelRead\nINFO: Detected non-HTTP/2 connection.\n"}}
[debug] [2024-08-18T21:35:02.381Z] Aug 18, 2024 4:35:02 PM com.google.cloud.datastore.emulator.firestore.webchannel.FirestoreV1WebChannelAdapter$FirestoreListenHandler onClose
INFO: channel closed
 {"metadata":{"emulator":{"name":"firestore"},"message":"Aug 18, 2024 4:35:02 PM com.google.cloud.datastore.emulator.firestore.webchannel.FirestoreV1WebChannelAdapter$FirestoreListenHandler onClose\nINFO: channel closed\n"}}
[debug] [2024-08-18T21:35:25.378Z] Aug 18, 2024 4:35:25 PM io.gapi.emulators.netty.HttpVersionRoutingHandler channelRead
INFO: Detected non-HTTP/2 connection.
 {"metadata":{"emulator":{"name":"firestore"},"message":"Aug 18, 2024 4:35:25 PM io.gapi.emulators.netty.HttpVersionRoutingHandler channelRead\nINFO: Detected non-HTTP/2 connection.\n"}}
[debug] [2024-08-18T21:35:25.406Z] Aug 18, 2024 4:35:25 PM io.gapi.emulators.netty.HttpVersionRoutingHandler channelRead
INFO: Detected non-HTTP/2 connection.
 {"metadata":{"emulator":{"name":"firestore"},"message":"Aug 18, 2024 4:35:25 PM io.gapi.emulators.netty.HttpVersionRoutingHandler channelRead\nINFO: Detected non-HTTP/2 connection.\n"}}
[debug] [2024-08-18T21:35:25.425Z] Aug 18, 2024 4:35:25 PM io.gapi.emulators.netty.HttpVersionRoutingHandler channelRead
INFO: Detected non-HTTP/2 connection.
 {"metadata":{"emulator":{"name":"firestore"},"message":"Aug 18, 2024 4:35:25 PM io.gapi.emulators.netty.HttpVersionRoutingHandler channelRead\nINFO: Detected non-HTTP/2 connection.\n"}}
[debug] [2024-08-18T21:35:25.501Z] Aug 18, 2024 4:35:25 PM io.gapi.emulators.netty.HttpVersionRoutingHandler channelRead
INFO: Detected non-HTTP/2 connection.
 {"metadata":{"emulator":{"name":"firestore"},"message":"Aug 18, 2024 4:35:25 PM io.gapi.emulators.netty.HttpVersionRoutingHandler channelRead\nINFO: Detected non-HTTP/2 connection.\n"}}
[debug] [2024-08-18T21:36:25.527Z] Aug 18, 2024 4:36:25 PM io.gapi.emulators.netty.HttpVersionRoutingHandler channelRead
INFO: Detected non-HTTP/2 connection.
 {"metadata":{"emulator":{"name":"firestore"},"message":"Aug 18, 2024 4:36:25 PM io.gapi.emulators.netty.HttpVersionRoutingHandler channelRead\nINFO: Detected non-HTTP/2 connection.\n"}}
[debug] [2024-08-18T21:36:26.373Z] Aug 18, 2024 4:36:26 PM io.gapi.emulators.netty.HttpVersionRoutingHandler channelRead
INFO: Detected non-HTTP/2 connection.
 {"metadata":{"emulator":{"name":"firestore"},"message":"Aug 18, 2024 4:36:26 PM io.gapi.emulators.netty.HttpVersionRoutingHandler channelRead\nINFO: Detected non-HTTP/2 connection.\n"}}
[debug] [2024-08-18T21:36:26.376Z] Aug 18, 2024 4:36:26 PM com.google.cloud.datastore.emulator.firestore.webchannel.FirestoreV1WebChannelAdapter$FirestoreListenHandler onClose
INFO: channel closed
 {"metadata":{"emulator":{"name":"firestore"},"message":"Aug 18, 2024 4:36:26 PM com.google.cloud.datastore.emulator.firestore.webchannel.FirestoreV1WebChannelAdapter$FirestoreListenHandler onClose\nINFO: channel closed\n"}}
[debug] [2024-08-18T21:36:33.537Z] Aug 18, 2024 4:36:33 PM io.gapi.emulators.netty.HttpVersionRoutingHandler channelRead
INFO: Detected non-HTTP/2 connection.
 {"metadata":{"emulator":{"name":"firestore"},"message":"Aug 18, 2024 4:36:33 PM io.gapi.emulators.netty.HttpVersionRoutingHandler channelRead\nINFO: Detected non-HTTP/2 connection.\n"}}
[debug] [2024-08-18T21:36:33.562Z] Aug 18, 2024 4:36:33 PM io.gapi.emulators.netty.HttpVersionRoutingHandler channelRead
INFO: Detected non-HTTP/2 connection.
 {"metadata":{"emulator":{"name":"firestore"},"message":"Aug 18, 2024 4:36:33 PM io.gapi.emulators.netty.HttpVersionRoutingHandler channelRead\nINFO: Detected non-HTTP/2 connection.\n"}}
[debug] [2024-08-18T21:36:33.575Z] Aug 18, 2024 4:36:33 PM io.gapi.emulators.netty.HttpVersionRoutingHandler channelRead
INFO: Detected non-HTTP/2 connection.
 {"metadata":{"emulator":{"name":"firestore"},"message":"Aug 18, 2024 4:36:33 PM io.gapi.emulators.netty.HttpVersionRoutingHandler channelRead\nINFO: Detected non-HTTP/2 connection.\n"}}
[debug] [2024-08-18T21:36:33.635Z] Aug 18, 2024 4:36:33 PM io.gapi.emulators.netty.HttpVersionRoutingHandler channelRead
INFO: Detected non-HTTP/2 connection.
 {"metadata":{"emulator":{"name":"firestore"},"message":"Aug 18, 2024 4:36:33 PM io.gapi.emulators.netty.HttpVersionRoutingHandler channelRead\nINFO: Detected non-HTTP/2 connection.\n"}}
[debug] [2024-08-18T21:37:33.698Z] Aug 18, 2024 4:37:33 PM io.gapi.emulators.netty.HttpVersionRoutingHandler channelRead
INFO: Detected non-HTTP/2 connection.
 {"metadata":{"emulator":{"name":"firestore"},"message":"Aug 18, 2024 4:37:33 PM io.gapi.emulators.netty.HttpVersionRoutingHandler channelRead\nINFO: Detected non-HTTP/2 connection.\n"}}
[debug] [2024-08-18T21:37:34.374Z] Aug 18, 2024 4:37:34 PM io.gapi.emulators.netty.HttpVersionRoutingHandler channelRead
INFO: Detected non-HTTP/2 connection.
 {"metadata":{"emulator":{"name":"firestore"},"message":"Aug 18, 2024 4:37:34 PM io.gapi.emulators.netty.HttpVersionRoutingHandler channelRead\nINFO: Detected non-HTTP/2 connection.\n"}}
[debug] [2024-08-18T21:37:34.378Z] Aug 18, 2024 4:37:34 PM com.google.cloud.datastore.emulator.firestore.webchannel.FirestoreV1WebChannelAdapter$FirestoreListenHandler onClose
INFO: channel closed
 {"metadata":{"emulator":{"name":"firestore"},"message":"Aug 18, 2024 4:37:34 PM com.google.cloud.datastore.emulator.firestore.webchannel.FirestoreV1WebChannelAdapter$FirestoreListenHandler onClose\nINFO: channel closed\n"}}
[debug] [2024-08-18T21:40:11.479Z] Aug 18, 2024 4:40:11 PM io.gapi.emulators.netty.HttpVersionRoutingHandler channelRead
INFO: Detected non-HTTP/2 connection.
 {"metadata":{"emulator":{"name":"firestore"},"message":"Aug 18, 2024 4:40:11 PM io.gapi.emulators.netty.HttpVersionRoutingHandler channelRead\nINFO: Detected non-HTTP/2 connection.\n"}}
[debug] [2024-08-18T21:40:11.513Z] Aug 18, 2024 4:40:11 PM io.gapi.emulators.netty.HttpVersionRoutingHandler channelRead
INFO: Detected non-HTTP/2 connection.
 {"metadata":{"emulator":{"name":"firestore"},"message":"Aug 18, 2024 4:40:11 PM io.gapi.emulators.netty.HttpVersionRoutingHandler channelRead\nINFO: Detected non-HTTP/2 connection.\n"}}
[debug] [2024-08-18T21:40:11.521Z] Aug 18, 2024 4:40:11 PM io.gapi.emulators.netty.HttpVersionRoutingHandler channelRead
INFO: Detected non-HTTP/2 connection.
 {"metadata":{"emulator":{"name":"firestore"},"message":"Aug 18, 2024 4:40:11 PM io.gapi.emulators.netty.HttpVersionRoutingHandler channelRead\nINFO: Detected non-HTTP/2 connection.\n"}}
[debug] [2024-08-18T21:40:11.638Z] Aug 18, 2024 4:40:11 PM io.gapi.emulators.netty.HttpVersionRoutingHandler channelRead
INFO: Detected non-HTTP/2 connection.
 {"metadata":{"emulator":{"name":"firestore"},"message":"Aug 18, 2024 4:40:11 PM io.gapi.emulators.netty.HttpVersionRoutingHandler channelRead\nINFO: Detected non-HTTP/2 connection.\n"}}
[debug] [2024-08-18T21:41:11.682Z] Aug 18, 2024 4:41:11 PM io.gapi.emulators.netty.HttpVersionRoutingHandler channelRead
INFO: Detected non-HTTP/2 connection.
 {"metadata":{"emulator":{"name":"firestore"},"message":"Aug 18, 2024 4:41:11 PM io.gapi.emulators.netty.HttpVersionRoutingHandler channelRead\nINFO: Detected non-HTTP/2 connection.\n"}}
[debug] [2024-08-18T21:41:12.372Z] Aug 18, 2024 4:41:12 PM io.gapi.emulators.netty.HttpVersionRoutingHandler channelRead
INFO: Detected non-HTTP/2 connection.
 {"metadata":{"emulator":{"name":"firestore"},"message":"Aug 18, 2024 4:41:12 PM io.gapi.emulators.netty.HttpVersionRoutingHandler channelRead\nINFO: Detected non-HTTP/2 connection.\n"}}
[debug] [2024-08-18T21:41:12.376Z] Aug 18, 2024 4:41:12 PM com.google.cloud.datastore.emulator.firestore.webchannel.FirestoreV1WebChannelAdapter$FirestoreListenHandler onClose
INFO: channel closed
 {"metadata":{"emulator":{"name":"firestore"},"message":"Aug 18, 2024 4:41:12 PM com.google.cloud.datastore.emulator.firestore.webchannel.FirestoreV1WebChannelAdapter$FirestoreListenHandler onClose\nINFO: channel closed\n"}}
[debug] [2024-08-18T21:44:22.921Z] Aug 18, 2024 4:44:22 PM io.gapi.emulators.netty.HttpVersionRoutingHandler channelRead
INFO: Detected non-HTTP/2 connection.
 {"metadata":{"emulator":{"name":"firestore"},"message":"Aug 18, 2024 4:44:22 PM io.gapi.emulators.netty.HttpVersionRoutingHandler channelRead\nINFO: Detected non-HTTP/2 connection.\n"}}
[debug] [2024-08-18T21:44:22.953Z] Aug 18, 2024 4:44:22 PM io.gapi.emulators.netty.HttpVersionRoutingHandler channelRead
INFO: Detected non-HTTP/2 connection.
 {"metadata":{"emulator":{"name":"firestore"},"message":"Aug 18, 2024 4:44:22 PM io.gapi.emulators.netty.HttpVersionRoutingHandler channelRead\nINFO: Detected non-HTTP/2 connection.\n"}}
[debug] [2024-08-18T21:44:22.967Z] Aug 18, 2024 4:44:22 PM io.gapi.emulators.netty.HttpVersionRoutingHandler channelRead
INFO: Detected non-HTTP/2 connection.
 {"metadata":{"emulator":{"name":"firestore"},"message":"Aug 18, 2024 4:44:22 PM io.gapi.emulators.netty.HttpVersionRoutingHandler channelRead\nINFO: Detected non-HTTP/2 connection.\n"}}
[debug] [2024-08-18T21:44:23.013Z] Aug 18, 2024 4:44:23 PM io.gapi.emulators.netty.HttpVersionRoutingHandler channelRead
INFO: Detected non-HTTP/2 connection.
 {"metadata":{"emulator":{"name":"firestore"},"message":"Aug 18, 2024 4:44:23 PM io.gapi.emulators.netty.HttpVersionRoutingHandler channelRead\nINFO: Detected non-HTTP/2 connection.\n"}}
[debug] [2024-08-18T21:45:23.050Z] Aug 18, 2024 4:45:23 PM io.gapi.emulators.netty.HttpVersionRoutingHandler channelRead
INFO: Detected non-HTTP/2 connection.
 {"metadata":{"emulator":{"name":"firestore"},"message":"Aug 18, 2024 4:45:23 PM io.gapi.emulators.netty.HttpVersionRoutingHandler channelRead\nINFO: Detected non-HTTP/2 connection.\n"}}
[debug] [2024-08-18T21:45:23.350Z] Aug 18, 2024 4:45:23 PM io.gapi.emulators.netty.HttpVersionRoutingHandler channelRead
INFO: Detected non-HTTP/2 connection.
 {"metadata":{"emulator":{"name":"firestore"},"message":"Aug 18, 2024 4:45:23 PM io.gapi.emulators.netty.HttpVersionRoutingHandler channelRead\nINFO: Detected non-HTTP/2 connection.\n"}}
[debug] [2024-08-18T21:45:23.353Z] Aug 18, 2024 4:45:23 PM com.google.cloud.datastore.emulator.firestore.webchannel.FirestoreV1WebChannelAdapter$FirestoreListenHandler onClose
INFO: channel closed
 {"metadata":{"emulator":{"name":"firestore"},"message":"Aug 18, 2024 4:45:23 PM com.google.cloud.datastore.emulator.firestore.webchannel.FirestoreV1WebChannelAdapter$FirestoreListenHandler onClose\nINFO: channel closed\n"}}
